parameters read in.. 
N whole proteins: 56
Min Number of molecules to allow: 20
Nedges: 186
Nconstrain: 56
ascale: 1
read in abundances 
read in edges 
reading in IIN from file CME_IIN.txt
N reference interfaces: 195
number of interfaces: 195
IIN edges: 206
Using randomly sampled CNs
Inside qp_solve
RHS: 1.50023e+11
Num nonzero elements in Q: 2371 total elements: 21321
Ierr: 0
objective function: -1.10794e+11 Plus RHS: 3.92297e+10
0: 5847.16
1: 11275
2: 12982
3: 12141.8
4: 10702.8
5: 9964.74
159: 10595.5
6: 120487
7: 116590
8: 130043
9: 108371
10: 2661.09
11: 5039.42
12: 3374.26
13: 60
14: 248.089
15: 20
16: 104289
17: 82433.6
18: 3128.14
19: 4949.28
20: 289.667
21: 253
22: 311
23: 270.833
24: 307.5
25: 311
26: 307.5
27: 289.667
28: 249.5
29: 60
30: 398.083
31: 270.833
32: 253
33: 249.5
34: 6545.44
35: 7199.9
36: 8650.01
37: 8102.29
38: 20
39: 5625
40: 6182.89
41: 6545.44
42: 7716.41
43: 7189.28
44: 5625
45: 7267.99
46: 20
48: 6182.89
49: 7199.9
50: 8538.09
51: 4136.37
52: 2463.32
53: 8820.12
54: 8650.01
55: 8687.23
56: 7716.41
57: 10366.3
58: 7649.56
59: 10044.2
60: 8687.23
61: 7189.28
62: 8102.29
63: 7267.99
64: 9443.78
65: 9121.67
66: 7897.64
67: 7006.81
68: 5401.19
69: 80
70: 234.907
71: 309.293
72: 20
74: 1964.83
75: 2923.92
76: 3940.69
77: 4045.97
78: 3451.42
79: 3940.69
80: 1060.51
81: 3010.74
82: 1588.01
83: 15904.8
84: 14397.1
85: 14039.2
86: 14039.2
87: 6078.37
88: 123916
89: 104289
90: 15769.2
91: 25937.1
92: 14336.1
93: 16294.5
94: 2261.45
95: 3421.07
96: 3151.62
97: 3471.89
98: 2561.32
99: 3644.97
100: 3128.22
101: 3475.78
102: 2044.31
103: 602.224
104: 177.224
105: 3050.78
106: 1619.31
107: 60
108: 1319.5
109: 234.907
110: 364.058
111: 20
112: 423.234
113: 60
114: 259.851
115: 193.385
116: 20
117: 486.558
118: 464.162
119: 259.851
120: 60
121: 40
123: 20
124: 6213.48
125: 10882.8
126: 4847.63
130: 3139.23
131: 404.162
132: 1443.14
133: 20
134: 60
135: 1452.99
136: 1104.54
137: 60
138: 20
139: 3151.62
140: 1883.59
141: 2119.77
142: 1238.78
143: 1221.91
144: 2905.92
145: 1026.02
146: 1620.65
147: 19722.6
149: 7649.56
150: 6017.6
151: 4762.81
152: 10914.7
153: 13754.9
154: 10914.7
155: 10229.8
156: 20
157: 60.1423
158: 40
160: 20
161: 1460.13
162: 4149.96
163: 2319.88
164: 3604.82
165: 3139.23
166: 5377.73
167: 2885.92
168: 3105.03
169: 5377.73
122: 3601.71
47: 3092.77
170: 4274.68
171: 20
172: 2431.05
194: 3341.62
73: 6078.37
173: 486.558
174: 20
175: 2261.45
176: 1051
177: 20
178: 20
179: 4045.97
180: 3010.74
181: 20
182: 282.51
183: 193.385
184: 40
185: 20
186: 650.475
187: 20
188: 825.86
189: 1971.04
190: 815.178
191: 669.024
192: 1769.49
193: 40
148: 1028.45
127: 3999.25
128: 10144.7
129: 20
Inside qp_solve
RHS: 6.17138e+11
Num nonzero elements in Q: 2371 total elements: 21321
Ierr: 0
objective function: -2.18328e+11 Plus RHS: 3.9881e+11
0: 20
1: 20
2: 7042.09
3: 40
4: 20
5: 20
159: 3496.08
6: 77486.8
7: 78710
8: 150488
9: 81868.3
10: 490.778
11: 2012.5
12: 40
13: 5877.98
14: 1289.74
15: 64.833
16: 179484
17: 81848.3
18: 18026.5
19: 24304
20: 915
21: 868.833
22: 792.5
23: 638
24: 684.167
25: 792.5
26: 684.167
27: 915
28: 760.5
29: 60
30: 11193.2
31: 638
32: 868.833
33: 760.5
34: 4500.21
35: 6183.3
36: 5497.87
37: 4779.17
38: 20
39: 4299.06
40: 5760.77
41: 4500.21
42: 5293.98
43: 5293.67
44: 4299.06
45: 5329.89
46: 20
48: 5760.77
49: 6183.3
50: 17650.9
51: 28408.6
52: 20
53: 4037.12
54: 5497.87
55: 5942.73
56: 5293.98
57: 5560.77
58: 9590.58
59: 10889
60: 5942.73
61: 5293.67
62: 4779.17
63: 5329.89
64: 5560.23
65: 10888.4
66: 4036.58
67: 2917.39
68: 2426.61
69: 4512.3
70: 2707.91
71: 20
72: 20
74: 6325.78
75: 1795.54
76: 2076.39
77: 1704.06
78: 113.818
79: 2076.39
80: 3580.4
81: 2695.65
82: 1898.68
83: 21259.4
84: 47369.2
85: 15558
86: 15558
87: 5198.61
88: 150188
89: 179484
90: 2250.14
91: 20
92: 60
93: 5299.56
94: 6705.59
95: 27463
96: 9167.51
97: 10341.6
98: 7202.84
99: 21985.6
100: 51879.7
101: 20
102: 40
103: 20
104: 40
105: 20
106: 40
107: 16977.3
108: 51765.2
109: 2707.91
110: 20
111: 5718.06
112: 2774.13
113: 60
114: 2890.67
115: 1350.84
116: 20
117: 2025.56
118: 4436.53
119: 1231.9
120: 60
121: 1231.9
123: 20
124: 3572.08
125: 10237.2
126: 40
130: 18217.9
131: 4376.53
132: 2458.93
133: 20
134: 60
135: 45329.7
136: 44025.8
137: 36764.2
138: 20
139: 9167.51
140: 20211.2
141: 5786.85
142: 1131.01
143: 493.987
144: 14246.3
145: 2424.19
146: 6962.69
147: 4521.89
149: 9590.58
150: 29364.1
151: 5632.35
152: 12908.1
153: 19146.8
154: 12908.1
155: 12481.6
156: 20
157: 7807.75
158: 40
160: 20
161: 20
162: 18783.2
163: 16369.5
164: 19944.7
165: 18217.9
166: 17835.8
167: 13792.4
168: 17081.2
169: 17280
122: 18803.2
47: 13501.4
170: 13521.4
171: 20
172: 40
194: 3819.81
73: 5198.61
173: 2025.56
174: 20
175: 6705.59
176: 3069.59
177: 4824.8
178: 20
179: 1704.06
180: 2695.65
181: 20
182: 2800.65
183: 1350.84
184: 502.143
185: 20
186: 20
187: 20
188: 20
189: 20
190: 47574.3
191: 51745.2
192: 47289.2
193: 56376.8
148: 51859.7
127: 3635.58
128: 10300.7
129: 20
Inside qp_solve
RHS: 2.95819e+11
Num nonzero elements in Q: 2371 total elements: 21321
Ierr: 0
objective function: -8.03819e+10 Plus RHS: 2.15437e+11
0: 4780.72
1: 20
2: 45360.1
3: 6206.14
4: 20
5: 20
159: 6575.4
6: 8425.09
7: 10158.6
8: 14046.5
9: 11042.6
10: 1892.67
11: 2806.03
12: 40
13: 72278.5
14: 15211.6
15: 54416.9
16: 2278.75
17: 20
18: 6369.99
19: 9184.98
20: 6635.33
21: 7616.33
22: 10858.7
23: 11426.7
24: 10445.7
25: 10858.7
26: 10445.7
27: 6635.33
28: 7203.33
29: 60
30: 4382.43
31: 11426.7
32: 7616.33
33: 7203.33
34: 5417.27
35: 4600.1
36: 5775.05
37: 4229.84
38: 20
39: 5767.7
40: 5915.86
41: 5417.27
42: 6547.03
43: 5704.4
44: 5767.7
45: 5084.01
46: 20
48: 5915.86
49: 4600.1
50: 8967.41
51: 110785
52: 30028.6
53: 7087.29
54: 5775.05
55: 5936.85
56: 6547.03
57: 5806.62
58: 10862.2
59: 8546.19
60: 5936.85
61: 5704.4
62: 4229.84
63: 5084.01
64: 4332.01
65: 7071.58
66: 5612.68
67: 6602.34
68: 4709.66
69: 80
70: 4500.64
71: 20
72: 20
74: 6371.13
75: 1761.23
76: 1565.9
77: 1140.81
78: 1252.88
79: 1565.9
80: 2061.51
81: 1307.62
82: 1553.15
83: 6760.56
84: 13011.5
85: 6439.15
86: 6439.15
87: 7521.67
88: 20
89: 2278.75
90: 13294.7
91: 11022.6
92: 10299.4
93: 12633.7
94: 941.968
95: 4160.56
96: 1413.8
97: 1351.27
98: 20
99: 7467.8
100: 10334.5
101: 20
102: 40
103: 20
104: 40
105: 20
106: 40
107: 39336
108: 43357.8
109: 4500.64
110: 20
111: 4048.48
112: 66.3136
113: 60
114: 346.977
115: 358.275
116: 20
117: 405.382
118: 2016.93
119: 346.977
120: 60
121: 40
123: 20
124: 32386.7
125: 49883.6
126: 46383.4
130: 5225.16
131: 1956.93
132: 4649.08
133: 20
134: 60
135: 3744.79
136: 1232.91
137: 60
138: 20
139: 1413.8
140: 11858.6
141: 9530.78
142: 16750
143: 9692.99
144: 9810.3
145: 7879.61
146: 8173.87
147: 4582.35
149: 10862.2
150: 54596.9
151: 20
152: 12811.6
153: 33033.8
154: 12811.6
155: 15536.8
156: 20
157: 12528.9
158: 9124.98
160: 20
161: 20
162: 4279.01
163: 60
164: 4449.64
165: 5225.16
166: 5381.94
167: 4246.36
168: 9378.72
169: 5381.94
122: 4299.01
47: 4246.36
170: 8355.4
171: 3880.6
172: 17608.3
194: 8277.2
73: 7521.67
173: 405.382
174: 20
175: 941.968
176: 532.67
177: 20
178: 20
179: 1140.81
180: 1307.62
181: 20
182: 401.829
183: 358.275
184: 40
185: 20
186: 22250.7
187: 20
188: 7295.11
189: 5665.48
190: 8644.07
191: 21107.1
192: 7286.05
193: 20784.5
148: 10314.5
127: 11720.1
128: 29217
129: 5125.17
Inside qp_solve
RHS: 1.5118e+12
Num nonzero elements in Q: 2371 total elements: 21321
Ierr: 0
objective function: -8.09328e+11 Plus RHS: 7.02472e+11
0: 20
1: 811.322
2: 6630.68
3: 40
4: 1849.49
5: 1849.49
159: 5378.69
6: 58295
7: 60141.5
8: 126367
9: 49207.6
10: 16019.4
11: 15413.7
12: 6884.66
13: 60
14: 20
15: 20
16: 9747.32
17: 31420.3
18: 404590
19: 355013
20: 149949
21: 152230
22: 150027
23: 79287.7
24: 77007.5
25: 150027
26: 77007.5
27: 149949
28: 79210.2
29: 7533.45
30: 16944.6
31: 79287.7
32: 152230
33: 79210.2
34: 12271
35: 21582.5
36: 16889
37: 12726.6
38: 20
39: 9236.99
40: 19070.3
41: 12271
42: 15765.1
43: 13749.4
44: 9236.99
45: 12009
46: 20
48: 19070.3
49: 21582.5
50: 78803.4
51: 34986.8
52: 1881.5
53: 15400.8
54: 16889
55: 17028.1
56: 15765.1
57: 18214.8
58: 16933.2
59: 43152.8
60: 17028.1
61: 13749.4
62: 12726.6
63: 12009
64: 14687.4
65: 39625.3
66: 11873.3
67: 45135.9
68: 83277.7
69: 1147.74
70: 1457.68
71: 20
72: 20
74: 17403.7
75: 5977.59
76: 12088.4
77: 5032.91
78: 672.731
79: 12088.4
80: 20045.8
81: 12848.6
82: 14741
83: 77178.4
84: 81610.4
85: 53320.9
86: 53320.9
87: 10494.7
88: 20
89: 9747.32
90: 7776.71
91: 17787.4
92: 60
93: 13202.5
94: 28628.1
95: 53507
96: 38776.8
97: 44743.9
98: 69532.8
99: 38006.5
100: 56681.5
101: 20
102: 40
103: 20
104: 57483.9
105: 15868.7
106: 7156.07
107: 34274.9
108: 57629.5
109: 1457.68
110: 20
111: 20
112: 14071.6
113: 60
114: 19318.7
115: 10785
116: 20
117: 12044.7
118: 13838.4
119: 10750.7
120: 11485.6
121: 19318.7
123: 6396.76
124: 74125.9
125: 75101.6
126: 111309
130: 7170.22
131: 20
132: 187480
133: 126067
134: 161282
135: 958.743
136: 23843.8
137: 60
138: 20
139: 38776.8
140: 13582.4
141: 8988.13
142: 40
143: 4589.34
144: 9430.78
145: 60
146: 18271.9
147: 5032.27
149: 16933.2
150: 29458.2
151: 4629.19
152: 10467
153: 14554.5
154: 10467
155: 11502.5
156: 20
157: 40114.9
158: 94967.4
160: 20
161: 20
162: 8288.35
163: 7943.56
164: 6859.75
165: 7170.22
166: 9827.99
167: 6537.82
168: 21819.5
169: 6086.46
122: 8308.35
47: 6537.82
170: 8214.2
171: 20
172: 40
194: 4986.57
73: 10494.7
173: 12044.7
174: 11861.9
175: 28628.1
176: 12512.3
177: 9707.99
178: 20
179: 5032.91
180: 12848.6
181: 6698.57
182: 6612.97
183: 10785
184: 23749
185: 20
186: 20
187: 20
188: 20
189: 20
190: 59873.3
191: 57609.5
192: 65681.7
193: 57808.2
148: 56661.5
127: 1888.84
128: 2864.53
129: 20
Inside qp_solve
RHS: 1.82737e+12
Num nonzero elements in Q: 2371 total elements: 21321
Ierr: 0
objective function: -5.97483e+11 Plus RHS: 1.22989e+12
0: 20
1: 10821.7
2: 27251.5
3: 22328.8
4: 7228.24
5: 12580.5
159: 12580.5
6: 84036.4
7: 151903
8: 132083
9: 92481.2
10: 1756.81
11: 8360.97
12: 40
13: 891.485
14: 20
15: 1374
16: 1400.91
17: 4114.65
18: 3556.55
19: 6586.1
20: 5802.17
21: 9407.17
22: 5108.67
23: 9404.83
24: 5799.83
25: 5108.67
26: 5799.83
27: 5802.17
28: 10098.3
29: 60
30: 140
31: 9404.83
32: 9407.17
33: 10098.3
34: 67831.1
35: 45198.1
36: 139080
37: 38616.2
38: 20
39: 112111
40: 53449.1
41: 67831.1
42: 131562
43: 57703.2
44: 112111
45: 89811.6
46: 125721
48: 53449.1
49: 45198.1
50: 8755.93
51: 8530.53
52: 20
53: 147693
54: 139080
55: 112406
56: 131562
57: 140568
58: 136496
59: 167800
60: 112406
61: 57703.2
62: 38616.2
63: 89811.6
64: 11314.8
65: 38547.3
66: 18439.5
67: 6348.18
68: 3595.82
69: 2676.45
70: 2580.35
71: 20
72: 20
74: 11934.2
75: 15999.1
76: 8638.1
77: 5558.31
78: 2018.85
79: 8638.1
80: 20322.3
81: 7960.12
82: 6342.12
83: 4036.11
84: 6247.5
85: 5305.83
86: 5305.83
87: 5683.53
88: 20
89: 1400.91
90: 87288.7
91: 88366.5
92: 102060
93: 134233
94: 15405
95: 7238.21
96: 8244.04
97: 8020.88
98: 6506.1
99: 16995.2
100: 9709.9
101: 20
102: 2426.7
103: 703.072
104: 1756.38
105: 94.6095
106: 3480.01
107: 3462.63
108: 6740.8
109: 2580.35
110: 20
111: 20
112: 31899.3
113: 18494.1
114: 11995.2
115: 8757.98
116: 20
117: 15822.6
118: 11995.2
119: 11405.1
120: 11995.2
121: 11405.1
123: 12156
124: 10616.5
125: 22353.1
126: 8470.53
130: 16864.4
131: 10801.5
132: 14530.2
133: 20
134: 30192.5
135: 10906.7
136: 6422.99
137: 23436.5
138: 20
139: 8244.04
140: 8794
141: 9433.67
142: 9064.19
143: 2500.8
144: 16177.2
145: 18571.3
146: 7937.85
147: 47695
149: 136496
150: 55971.2
151: 27111.5
152: 5476.15
153: 11041.7
154: 5476.15
155: 6491.94
156: 20
157: 478.822
158: 40
160: 20
161: 20
162: 18883.2
163: 18517.9
164: 16975.2
165: 16864.4
166: 20310.6
167: 13920
168: 18693.3
169: 19268.5
122: 18903.2
47: 13920
170: 14143.5
171: 20
172: 4659.49
194: 5025.91
73: 5683.53
173: 15822.6
174: 14964.8
175: 15405
176: 22789.2
177: 20190.6
178: 20
179: 5558.31
180: 7960.12
181: 20
182: 40
183: 8757.98
184: 40
185: 20
186: 6720.8
187: 7422.3
188: 8734
189: 6092.89
190: 1391.5
191: 20
192: 20
193: 242.414
148: 735.054
127: 54237.2
128: 55269.4
129: 6082.31
Inside qp_solve
RHS: 1.07457e+11
Num nonzero elements in Q: 2371 total elements: 21321
Ierr: 0
objective function: -3.16138e+10 Plus RHS: 7.58427e+10
0: 20
1: 20
2: 2811.58
3: 40
4: 1552.31
5: 1552.31
159: 807.132
6: 12496
7: 9705
8: 23562.6
9: 9710.93
10: 13926.9
11: 12598.6
12: 10757.9
13: 2172.38
14: 20
15: 20
16: 3810.28
17: 6918.13
18: 15540.9
19: 30039.8
20: 7865.33
21: 7818.17
22: 15036.2
23: 15119.2
24: 15166.3
25: 15036.2
26: 15166.3
27: 7865.33
28: 7948.33
29: 3116.01
30: 1128.87
31: 15119.2
32: 7818.17
33: 7948.33
34: 1915.46
35: 2650.83
36: 2643.68
37: 1892.15
38: 20
39: 1591.81
40: 2450.93
41: 1915.46
42: 2501.92
43: 2046.51
44: 1591.81
45: 1842.67
46: 20
48: 2450.93
49: 2650.83
50: 7484.93
51: 14226.4
52: 402.067
53: 2293.65
54: 2643.68
55: 2576.3
56: 2501.92
57: 3846.98
58: 3999.54
59: 5057.16
60: 2576.3
61: 2046.51
62: 1892.15
63: 1842.67
64: 3050.01
65: 4260.19
66: 1496.69
67: 1514.42
68: 849.577
69: 3817.29
70: 2194.91
71: 20
72: 1282.08
74: 3879.26
75: 5617.42
76: 6229.53
77: 5043.04
78: 7082.72
79: 6229.53
80: 4050.61
81: 4172.58
82: 5515.9
83: 4485.24
84: 8833.66
85: 3674.05
86: 3674.05
87: 1260.36
88: 20
89: 3810.28
90: 1403.2
91: 2792.8
92: 60
93: 2493.01
94: 12007.8
95: 18342.3
96: 55077
97: 19607.6
98: 12358.2
99: 27560.8
100: 12211.6
101: 20
102: 2734.79
103: 20
104: 40
105: 20
106: 2749.45
107: 7396.39
108: 9695.63
109: 2194.91
110: 20
111: 20
112: 1297.33
113: 60
114: 1256.92
115: 1369.59
116: 20
117: 2031.48
118: 1399.37
119: 618.634
120: 1256.92
121: 618.634
123: 20
124: 13568.3
125: 12327.2
126: 6959.59
130: 1628.37
131: 1339.37
132: 1729.09
133: 20
134: 60
135: 20373.1
136: 19295
137: 16502.3
138: 7371.96
139: 55077
140: 1403.97
141: 7071.7
142: 40
143: 1388.56
144: 2051.35
145: 60
146: 1383.04
147: 20
149: 3999.54
150: 16923.3
151: 2289.51
152: 9451.98
153: 13336.9
154: 9451.98
155: 11409
156: 20
157: 34592.5
158: 34364.9
160: 20
161: 20
162: 1090.49
163: 1551.78
164: 20
165: 1628.37
166: 2310.19
167: 859.48
168: 60
169: 1191.16
122: 1110.49
47: 859.48
170: 1036.17
171: 20
172: 40
194: 594.306
73: 1260.36
173: 2031.48
174: 5235.31
175: 12007.8
176: 4407.96
177: 2190.19
178: 20
179: 5043.04
180: 4172.58
181: 1136.97
182: 1973.07
183: 1369.59
184: 1973.07
185: 20
186: 20
187: 20
188: 1343.97
189: 20
190: 12918
191: 9675.63
192: 8753.66
193: 7246.82
148: 12191.6
127: 31488.3
128: 30247.3
129: 15910.7
Full time: 0.067778
