This file contains any messages produced by compilers while
running configure, to aid debugging if configure makes a mistake.

It was created by configure, which was
generated by GNU Autoconf 2.69.  Invocation command line was

  $ ./configure 

## --------- ##
## Platform. ##
## --------- ##

hostname = Margarets-MacBook-Pro.local
uname -m = x86_64
uname -r = 18.6.0
uname -s = Darwin
uname -v = Darwin Kernel Version 18.6.0: Thu Apr 25 23:16:27 PDT 2019; root:xnu-4903.261.4~2/RELEASE_X86_64

/usr/bin/uname -p = i386
/bin/uname -X     = unknown

/bin/arch              = unknown
/usr/bin/arch -k       = unknown
/usr/convex/getsysinfo = unknown
/usr/bin/hostinfo      = Mach kernel version:
	 Darwin Kernel Version 18.6.0: Thu Apr 25 23:16:27 PDT 2019; root:xnu-4903.261.4~2/RELEASE_X86_64
Kernel configured for up to 8 processors.
4 processors are physically available.
8 processors are logically available.
Processor type: x86_64h (Intel x86-64h Haswell)
Processors active: 0 1 2 3 4 5 6 7
Primary memory available: 8.00 gigabytes
Default processor set: 386 tasks, 1822 threads, 8 processors
Load average: 1.85, Mach factor: 6.14
/bin/machine           = unknown
/usr/bin/oslevel       = unknown
/bin/universe          = unknown

PATH: /opt/local/bin
PATH: /opt/local/sbin
PATH: /usr/local/bin
PATH: /usr/bin
PATH: /bin
PATH: /usr/sbin
PATH: /sbin


## ----------- ##
## Core tests. ##
## ----------- ##

configure:2088: checking build system type
configure:2102: result: i386-apple-darwin18.6.0
configure:2122: checking host system type
configure:2135: result: i386-apple-darwin18.6.0
configure:2155: checking target system type
configure:2168: result: i386-apple-darwin18.6.0
configure:2216: checking for a BSD-compatible install
configure:2284: result: /usr/bin/install -c
configure:2298: checking for cc
configure:2314: found /usr/bin/cc
configure:2325: result: cc
configure:2639: checking for C compiler version
configure:2648: cc --version >&5
Apple LLVM version 10.0.1 (clang-1001.0.46.4)
Target: x86_64-apple-darwin18.6.0
Thread model: posix
InstalledDir: /Library/Developer/CommandLineTools/usr/bin
configure:2659: $? = 0
configure:2648: cc -v >&5
Apple LLVM version 10.0.1 (clang-1001.0.46.4)
Target: x86_64-apple-darwin18.6.0
Thread model: posix
InstalledDir: /Library/Developer/CommandLineTools/usr/bin
configure:2659: $? = 0
configure:2648: cc -V >&5
clang: error: unsupported option '-V -Wno-atomic-implicit-seq-cst'
clang: error: no input files
configure:2659: $? = 1
configure:2648: cc -qversion >&5
clang: error: unknown argument '-qversion', did you mean '--version'?
clang: error: no input files
configure:2659: $? = 1
configure:2679: checking whether the C compiler works
configure:2701: cc -O   conftest.c  >&5
configure:2705: $? = 0
configure:2753: result: yes
configure:2756: checking for C compiler default output file name
configure:2758: result: a.out
configure:2764: checking for suffix of executables
configure:2771: cc -o conftest -O   conftest.c  >&5
configure:2775: $? = 0
configure:2797: result: 
configure:2819: checking whether we are cross compiling
configure:2827: cc -o conftest -O   conftest.c  >&5
configure:2831: $? = 0
configure:2838: ./conftest
configure:2842: $? = 0
configure:2857: result: no
configure:2862: checking for suffix of object files
configure:2884: cc -c -O  conftest.c >&5
configure:2888: $? = 0
configure:2909: result: o
configure:2913: checking whether we are using the GNU C compiler
configure:2932: cc -c -O  conftest.c >&5
configure:2932: $? = 0
configure:2941: result: yes
configure:2950: checking whether cc accepts -g
configure:2970: cc -c -g  conftest.c >&5
configure:2970: $? = 0
configure:3011: result: yes
configure:3028: checking for cc option to accept ISO C89
configure:3091: cc  -c -O  conftest.c >&5
configure:3091: $? = 0
configure:3104: result: none needed
configure:3128: checking for CC
configure:3144: found /usr/bin/CC
configure:3155: result: CC
configure:3277: checking for C++ compiler version
configure:3286: CC --version >&5
Apple LLVM version 10.0.1 (clang-1001.0.46.4)
Target: x86_64-apple-darwin18.6.0
Thread model: posix
InstalledDir: /Library/Developer/CommandLineTools/usr/bin
configure:3297: $? = 0
configure:3286: CC -v >&5
Apple LLVM version 10.0.1 (clang-1001.0.46.4)
Target: x86_64-apple-darwin18.6.0
Thread model: posix
InstalledDir: /Library/Developer/CommandLineTools/usr/bin
configure:3297: $? = 0
configure:3286: CC -V >&5
clang: error: unsupported option '-V -Wno-atomic-implicit-seq-cst'
clang: error: no input files
configure:3297: $? = 1
configure:3286: CC -qversion >&5
clang: error: unknown argument '-qversion', did you mean '--version'?
clang: error: no input files
configure:3297: $? = 1
configure:3301: checking whether we are using the GNU C++ compiler
configure:3320: CC -c -O  conftest.cpp >&5
configure:3320: $? = 0
configure:3329: result: yes
configure:3338: checking whether CC accepts -g
configure:3358: CC -c -g  conftest.cpp >&5
configure:3358: $? = 0
configure:3399: result: yes
configure:3500: checking for g77
configure:3530: result: no
configure:3500: checking for xlf
configure:3530: result: no
configure:3500: checking for f77
configure:3530: result: no
configure:3500: checking for frt
configure:3530: result: no
configure:3500: checking for pgf77
configure:3530: result: no
configure:3500: checking for cf77
configure:3530: result: no
configure:3500: checking for fort77
configure:3530: result: no
configure:3500: checking for fl32
configure:3530: result: no
configure:3500: checking for af77
configure:3530: result: no
configure:3500: checking for xlf90
configure:3530: result: no
configure:3500: checking for f90
configure:3530: result: no
configure:3500: checking for pgf90
configure:3530: result: no
configure:3500: checking for pghpf
configure:3530: result: no
configure:3500: checking for epcf90
configure:3530: result: no
configure:3500: checking for gfortran
configure:3516: found /opt/local/bin/gfortran
configure:3527: result: gfortran
configure:3553: checking for Fortran 77 compiler version
configure:3562: gfortran --version >&5
GNU Fortran (MacPorts gcc10 10.1.0_0) 10.1.0
Copyright (C) 2020 Free Software Foundation, Inc.
This is free software; see the source for copying conditions.  There is NO
warranty; not even for MERCHANTABILITY or FITNESS FOR A PARTICULAR PURPOSE.

configure:3573: $? = 0
configure:3562: gfortran -v >&5
Using built-in specs.
COLLECT_GCC=gfortran
COLLECT_LTO_WRAPPER=/opt/local/libexec/gcc/x86_64-apple-darwin18/10.1.0/lto-wrapper
Target: x86_64-apple-darwin18
Configured with: /opt/local/var/macports/build/_opt_bblocal_var_buildworker_ports_build_ports_lang_gcc10/gcc10/work/gcc-10.1.0/configure --prefix=/opt/local --build=x86_64-apple-darwin18 --enable-languages=c,c++,objc,obj-c++,lto,fortran --libdir=/opt/local/lib/gcc10 --includedir=/opt/local/include/gcc10 --infodir=/opt/local/share/info --mandir=/opt/local/share/man --datarootdir=/opt/local/share/gcc-10 --with-local-prefix=/opt/local --with-system-zlib --disable-nls --program-suffix=-mp-10 --with-gxx-include-dir=/opt/local/include/gcc10/c++/ --with-gmp=/opt/local --with-mpfr=/opt/local --with-mpc=/opt/local --with-isl=/opt/local --enable-stage1-checking --disable-multilib --enable-lto --enable-libstdcxx-time --with-build-config=bootstrap-debug --with-as=/opt/local/bin/as --with-ld=/opt/local/bin/ld --with-ar=/opt/local/bin/ar --with-bugurl=https://trac.macports.org/newticket --disable-tls --with-pkgversion='MacPorts gcc10 10.1.0_0' --with-sysroot=/Library/Developer/CommandLineTools/SDKs/MacOSX10.14.sdk
Thread model: posix
Supported LTO compression algorithms: zlib
gcc version 10.1.0 (MacPorts gcc10 10.1.0_0) 
configure:3573: $? = 0
configure:3562: gfortran -V >&5
gfortran: error: unrecognized command-line option '-V'
gfortran: fatal error: no input files
compilation terminated.
configure:3573: $? = 1
configure:3562: gfortran -qversion >&5
gfortran: error: unrecognized command-line option '-qversion'; did you mean '--version'?
gfortran: fatal error: no input files
compilation terminated.
configure:3573: $? = 1
configure:3582: checking whether we are using the GNU Fortran 77 compiler
configure:3595: gfortran -c -O conftest.F >&5
configure:3595: $? = 0
configure:3604: result: yes
configure:3610: checking whether gfortran accepts -g
configure:3621: gfortran -c -g conftest.f >&5
configure:3621: $? = 0
configure:3629: result: yes
configure:3664: checking how to get verbose linking output from gfortran
configure:3674: gfortran -c -O conftest.f >&5
configure:3674: $? = 0
configure:3692: gfortran -o conftest -O -v conftest.f
Using built-in specs.
Target: x86_64-apple-darwin18
Thread model: posix
Supported LTO compression algorithms: zlib
gcc version 10.1.0 (MacPorts gcc10 10.1.0_0) 
 /opt/local/libexec/gcc/x86_64-apple-darwin18/10.1.0/f951 conftest.f -ffixed-form -fPIC -quiet -dumpbase conftest.f -mmacosx-version-min=10.14.0 -mtune=core2 -auxbase conftest -O -version -fintrinsic-modules-path /opt/local/lib/gcc10/gcc/x86_64-apple-darwin18/10.1.0/finclude -o /var/folders/k4/k4_l1r8d2t92kcfzp5s8gb7c0000gn/T//ccJEcyxx.s
GNU Fortran (MacPorts gcc10 10.1.0_0) version 10.1.0 (x86_64-apple-darwin18)
	compiled by GNU C version 10.1.0, GMP version 6.2.0, MPFR version 4.0.2, MPC version 1.1.0, isl version isl-0.22.1-GMP

GGC heuristics: --param ggc-min-expand=100 --param ggc-min-heapsize=131072
GNU Fortran2008 (MacPorts gcc10 10.1.0_0) version 10.1.0 (x86_64-apple-darwin18)
	compiled by GNU C version 10.1.0, GMP version 6.2.0, MPFR version 4.0.2, MPC version 1.1.0, isl version isl-0.22.1-GMP

GGC heuristics: --param ggc-min-expand=100 --param ggc-min-heapsize=131072
 /opt/local/bin/as -arch x86_64 -v -force_cpusubtype_ALL -mmacosx-version-min=10.14 -o /var/folders/k4/k4_l1r8d2t92kcfzp5s8gb7c0000gn/T//ccqy4vBv.o /var/folders/k4/k4_l1r8d2t92kcfzp5s8gb7c0000gn/T//ccJEcyxx.s
Apple LLVM version 10.0.1 (clang-1001.0.46.4)
Target: x86_64-apple-darwin18.6.0
Thread model: posix
InstalledDir: /Library/Developer/CommandLineTools/usr/bin
 "/Library/Developer/CommandLineTools/usr/bin/clang" -cc1as -triple x86_64-apple-macosx10.14.0 -filetype obj -main-file-name ccJEcyxx.s -target-cpu penryn -fdebug-compilation-dir /Users/maggie/github/SB/StoichiometricBalance/OOQP-0.99.26 -dwarf-debug-producer Apple LLVM version 10.0.1 (clang-1001.0.46.4) -dwarf-version=4 -mrelocation-model pic -o /var/folders/k4/k4_l1r8d2t92kcfzp5s8gb7c0000gn/T//ccqy4vBv.o /var/folders/k4/k4_l1r8d2t92kcfzp5s8gb7c0000gn/T//ccJEcyxx.s
Reading specs from /opt/local/lib/gcc10/gcc/x86_64-apple-darwin18/10.1.0/../../../libgfortran.spec
rename spec lib to liborig
 /opt/local/libexec/gcc/x86_64-apple-darwin18/10.1.0/collect2 -syslibroot /Library/Developer/CommandLineTools/SDKs/MacOSX10.14.sdk/ -dynamic -arch x86_64 -macosx_version_min 10.14.0 -weak_reference_mismatches non-weak -o conftest -L/opt/local/lib/gcc10/gcc/x86_64-apple-darwin18/10.1.0 -L/opt/local/lib/gcc10/gcc/x86_64-apple-darwin18/10.1.0/../../.. /var/folders/k4/k4_l1r8d2t92kcfzp5s8gb7c0000gn/T//ccqy4vBv.o -lgfortran -lSystem -lgcc_ext.10.5 -lgcc -lquadmath -lm -lgcc_ext.10.5 -lgcc -lSystem -no_compact_unwind -v
collect2 version 10.1.0
/opt/local/bin/ld -syslibroot /Library/Developer/CommandLineTools/SDKs/MacOSX10.14.sdk/ -dynamic -arch x86_64 -macosx_version_min 10.14.0 -weak_reference_mismatches non-weak -o conftest -L/opt/local/lib/gcc10/gcc/x86_64-apple-darwin18/10.1.0 -L/opt/local/lib/gcc10/gcc/x86_64-apple-darwin18/10.1.0/../../.. /var/folders/k4/k4_l1r8d2t92kcfzp5s8gb7c0000gn/T//ccqy4vBv.o -lgfortran -lSystem -lgcc_ext.10.5 -lgcc -lquadmath -lm -lgcc_ext.10.5 -lgcc -lSystem -no_compact_unwind -v
@(#)PROGRAM:ld  PROJECT:ld64-450.3
BUILD 21:44:09 Feb  5 2020
configured to support archs: i386 x86_64 x86_64h armv6 armv7 armv7s armv7m armv7k arm64
Library search paths:
	/opt/local/lib/gcc10/gcc/x86_64-apple-darwin18/10.1.0
	/opt/local/lib/gcc10
	/Library/Developer/CommandLineTools/SDKs/MacOSX10.14.sdk/usr/lib
Framework search paths:
	/Library/Developer/CommandLineTools/SDKs/MacOSX10.14.sdk/System/Library/Frameworks/
configure:3775: result: -v
configure:3777: checking for Fortran 77 libraries of gfortran
configure:3800: gfortran -o conftest -O -v conftest.f
Using built-in specs.
Target: x86_64-apple-darwin18
Thread model: posix
Supported LTO compression algorithms: zlib
gcc version 10.1.0 (MacPorts gcc10 10.1.0_0) 
 /opt/local/libexec/gcc/x86_64-apple-darwin18/10.1.0/f951 conftest.f -ffixed-form -fPIC -quiet -dumpbase conftest.f -mmacosx-version-min=10.14.0 -mtune=core2 -auxbase conftest -O -version -fintrinsic-modules-path /opt/local/lib/gcc10/gcc/x86_64-apple-darwin18/10.1.0/finclude -o /var/folders/k4/k4_l1r8d2t92kcfzp5s8gb7c0000gn/T//ccBOvk21.s
GNU Fortran (MacPorts gcc10 10.1.0_0) version 10.1.0 (x86_64-apple-darwin18)
	compiled by GNU C version 10.1.0, GMP version 6.2.0, MPFR version 4.0.2, MPC version 1.1.0, isl version isl-0.22.1-GMP

GGC heuristics: --param ggc-min-expand=100 --param ggc-min-heapsize=131072
GNU Fortran2008 (MacPorts gcc10 10.1.0_0) version 10.1.0 (x86_64-apple-darwin18)
	compiled by GNU C version 10.1.0, GMP version 6.2.0, MPFR version 4.0.2, MPC version 1.1.0, isl version isl-0.22.1-GMP

GGC heuristics: --param ggc-min-expand=100 --param ggc-min-heapsize=131072
 /opt/local/bin/as -arch x86_64 -v -force_cpusubtype_ALL -mmacosx-version-min=10.14 -o /var/folders/k4/k4_l1r8d2t92kcfzp5s8gb7c0000gn/T//ccy85rk9.o /var/folders/k4/k4_l1r8d2t92kcfzp5s8gb7c0000gn/T//ccBOvk21.s
Apple LLVM version 10.0.1 (clang-1001.0.46.4)
Target: x86_64-apple-darwin18.6.0
Thread model: posix
InstalledDir: /Library/Developer/CommandLineTools/usr/bin
 "/Library/Developer/CommandLineTools/usr/bin/clang" -cc1as -triple x86_64-apple-macosx10.14.0 -filetype obj -main-file-name ccBOvk21.s -target-cpu penryn -fdebug-compilation-dir /Users/maggie/github/SB/StoichiometricBalance/OOQP-0.99.26 -dwarf-debug-producer Apple LLVM version 10.0.1 (clang-1001.0.46.4) -dwarf-version=4 -mrelocation-model pic -o /var/folders/k4/k4_l1r8d2t92kcfzp5s8gb7c0000gn/T//ccy85rk9.o /var/folders/k4/k4_l1r8d2t92kcfzp5s8gb7c0000gn/T//ccBOvk21.s
Reading specs from /opt/local/lib/gcc10/gcc/x86_64-apple-darwin18/10.1.0/../../../libgfortran.spec
rename spec lib to liborig
 /opt/local/libexec/gcc/x86_64-apple-darwin18/10.1.0/collect2 -syslibroot /Library/Developer/CommandLineTools/SDKs/MacOSX10.14.sdk/ -dynamic -arch x86_64 -macosx_version_min 10.14.0 -weak_reference_mismatches non-weak -o conftest -L/opt/local/lib/gcc10/gcc/x86_64-apple-darwin18/10.1.0 -L/opt/local/lib/gcc10/gcc/x86_64-apple-darwin18/10.1.0/../../.. /var/folders/k4/k4_l1r8d2t92kcfzp5s8gb7c0000gn/T//ccy85rk9.o -lgfortran -lSystem -lgcc_ext.10.5 -lgcc -lquadmath -lm -lgcc_ext.10.5 -lgcc -lSystem -no_compact_unwind -v
collect2 version 10.1.0
/opt/local/bin/ld -syslibroot /Library/Developer/CommandLineTools/SDKs/MacOSX10.14.sdk/ -dynamic -arch x86_64 -macosx_version_min 10.14.0 -weak_reference_mismatches non-weak -o conftest -L/opt/local/lib/gcc10/gcc/x86_64-apple-darwin18/10.1.0 -L/opt/local/lib/gcc10/gcc/x86_64-apple-darwin18/10.1.0/../../.. /var/folders/k4/k4_l1r8d2t92kcfzp5s8gb7c0000gn/T//ccy85rk9.o -lgfortran -lSystem -lgcc_ext.10.5 -lgcc -lquadmath -lm -lgcc_ext.10.5 -lgcc -lSystem -no_compact_unwind -v
@(#)PROGRAM:ld  PROJECT:ld64-450.3
BUILD 21:44:09 Feb  5 2020
configured to support archs: i386 x86_64 x86_64h armv6 armv7 armv7s armv7m armv7k arm64
Library search paths:
	/opt/local/lib/gcc10/gcc/x86_64-apple-darwin18/10.1.0
	/opt/local/lib/gcc10
	/Library/Developer/CommandLineTools/SDKs/MacOSX10.14.sdk/usr/lib
Framework search paths:
	/Library/Developer/CommandLineTools/SDKs/MacOSX10.14.sdk/System/Library/Frameworks/
configure:3996: result:  -L/opt/local/lib/gcc10/gcc/x86_64-apple-darwin18/10.1.0 -L/opt/local/lib/gcc10/gcc/x86_64-apple-darwin18/10.1.0/../../.. -lgfortran -lquadmath -lm
configure:4010: WARNING: BLAS environment variable was not set. Defaulting to '-lblas -llapack'.
configure:4017: WARNING: MA27LIB environment variable was not set.
configure:4019: WARNING: Defaulting to libma27.a
configure:4026: WARNING: MA57LIB environment variable was not set.
configure:4028: WARNING: Defaulting to 'libma57.a libfakemetis.a'.
configure:4083: checking for ranlib
configure:4099: found /opt/local/bin/ranlib
configure:4110: result: ranlib
configure:4146: checking how to run the C++ preprocessor
configure:4173: CC -E  conftest.cpp
configure:4173: $? = 0
configure:4187: CC -E  conftest.cpp
conftest.cpp:9:10: fatal error: 'ac_nonexistent.h' file not found
#include <ac_nonexistent.h>
         ^~~~~~~~~~~~~~~~~~
1 error generated.
configure:4187: $? = 1
configure: failed program was:
| /* confdefs.h */
| #define PACKAGE_NAME ""
| #define PACKAGE_TARNAME ""
| #define PACKAGE_VERSION ""
| #define PACKAGE_STRING ""
| #define PACKAGE_BUGREPORT ""
| #define PACKAGE_URL ""
| /* end confdefs.h.  */
| #include <ac_nonexistent.h>
configure:4212: result: CC -E
configure:4232: CC -E  conftest.cpp
configure:4232: $? = 0
configure:4246: CC -E  conftest.cpp
conftest.cpp:9:10: fatal error: 'ac_nonexistent.h' file not found
#include <ac_nonexistent.h>
         ^~~~~~~~~~~~~~~~~~
1 error generated.
configure:4246: $? = 1
configure: failed program was:
| /* confdefs.h */
| #define PACKAGE_NAME ""
| #define PACKAGE_TARNAME ""
| #define PACKAGE_VERSION ""
| #define PACKAGE_STRING ""
| #define PACKAGE_BUGREPORT ""
| #define PACKAGE_URL ""
| /* end confdefs.h.  */
| #include <ac_nonexistent.h>
configure:4275: checking for grep that handles long lines and -e
configure:4333: result: /usr/bin/grep
configure:4338: checking for egrep
configure:4400: result: /usr/bin/grep -E
configure:4405: checking for ANSI C header files
configure:4425: CC -c -O  conftest.cpp >&5
configure:4425: $? = 0
configure:4498: CC -o conftest -O   conftest.cpp  >&5
configure:4498: $? = 0
configure:4498: ./conftest
configure:4498: $? = 0
configure:4509: result: yes
configure:4521: checking for getrusage
configure:4521: CC -o conftest -O   conftest.cpp  >&5
configure:4521: $? = 0
configure:4521: result: yes
configure:4534: WARNING: Petsc support has been disabled.
configure:4536: WARNING: If you intend to use Petsc, set PETSC_DIR and
configure:4538: WARNING: PETSC_ARCH and run configure again.
configure:4709: creating ./config.status

## ---------------------- ##
## Running config.status. ##
## ---------------------- ##

This file was extended by config.status, which was
generated by GNU Autoconf 2.69.  Invocation command line was

  CONFIG_FILES    = 
  CONFIG_HEADERS  = 
  CONFIG_LINKS    = 
  CONFIG_COMMANDS = 
  $ ./config.status 

on Margarets-MacBook-Pro.local

config.status:756: creating GNUmakefile
config.status:859: WARNING:  'GNUmakefile.in' seems to ignore the --datarootdir setting
config.status:756: creating PetscMakefile
configure:5787: === configuring in src/Mex (/Users/maggie/github/SB/StoichiometricBalance/OOQP-0.99.26/src/Mex)
configure:5850: running /bin/sh ./configure --disable-option-checking '--prefix=/usr/local'  --cache-file=/dev/null --srcdir=.
configure:5787: === configuring in src/Ampl (/Users/maggie/github/SB/StoichiometricBalance/OOQP-0.99.26/src/Ampl)
configure:5850: running /bin/sh ./configure --disable-option-checking '--prefix=/usr/local'  --cache-file=/dev/null --srcdir=.

## ---------------- ##
## Cache variables. ##
## ---------------- ##

ac_cv_build=i386-apple-darwin18.6.0
ac_cv_c_compiler_gnu=yes
ac_cv_cxx_compiler_gnu=yes
ac_cv_env_CCC_set=
ac_cv_env_CCC_value=
ac_cv_env_CC_set=
ac_cv_env_CC_value=
ac_cv_env_CFLAGS_set=
ac_cv_env_CFLAGS_value=
ac_cv_env_CPPFLAGS_set=
ac_cv_env_CPPFLAGS_value=
ac_cv_env_CXXCPP_set=
ac_cv_env_CXXCPP_value=
ac_cv_env_CXXFLAGS_set=
ac_cv_env_CXXFLAGS_value=
ac_cv_env_CXX_set=
ac_cv_env_CXX_value=
ac_cv_env_F77_set=
ac_cv_env_F77_value=
ac_cv_env_FFLAGS_set=
ac_cv_env_FFLAGS_value=
ac_cv_env_LDFLAGS_set=
ac_cv_env_LDFLAGS_value=
ac_cv_env_LIBS_set=
ac_cv_env_LIBS_value=
ac_cv_env_build_alias_set=
ac_cv_env_build_alias_value=
ac_cv_env_host_alias_set=
ac_cv_env_host_alias_value=
ac_cv_env_target_alias_set=
ac_cv_env_target_alias_value=
ac_cv_f77_compiler_gnu=yes
ac_cv_f77_libs=' -L/opt/local/lib/gcc10/gcc/x86_64-apple-darwin18/10.1.0 -L/opt/local/lib/gcc10/gcc/x86_64-apple-darwin18/10.1.0/../../.. -lgfortran -lquadmath -lm'
ac_cv_func_getrusage=yes
ac_cv_header_stdc=yes
ac_cv_host=i386-apple-darwin18.6.0
ac_cv_objext=o
ac_cv_path_EGREP='/usr/bin/grep -E'
ac_cv_path_GREP=/usr/bin/grep
ac_cv_path_install='/usr/bin/install -c'
ac_cv_prog_CC=cc
ac_cv_prog_CXX=CC
ac_cv_prog_CXXCPP='CC -E'
ac_cv_prog_ac_ct_F77=gfortran
ac_cv_prog_ac_ct_RANLIB=ranlib
ac_cv_prog_cc_c89=
ac_cv_prog_cc_g=yes
ac_cv_prog_cxx_g=yes
ac_cv_prog_f77_g=yes
ac_cv_prog_f77_v=-v
ac_cv_target=i386-apple-darwin18.6.0

## ----------------- ##
## Output variables. ##
## ----------------- ##

BLAS='-lblas -llapack'
CC='cc'
CFLAGS='-O'
CPPFLAGS=''
CXX='CC'
CXXCPP='CC -E'
CXXFLAGS='-O'
DEFS='-DPACKAGE_NAME=\"\" -DPACKAGE_TARNAME=\"\" -DPACKAGE_VERSION=\"\" -DPACKAGE_STRING=\"\" -DPACKAGE_BUGREPORT=\"\" -DPACKAGE_URL=\"\" -DSTDC_HEADERS=1 -DHAVE_GETRUSAGE=1'
ECHO_C='\c'
ECHO_N=''
ECHO_T=''
EGREP='/usr/bin/grep -E'
EXEEXT=''
F77='gfortran'
FFLAGS='-O'
FLIBS=' -L/opt/local/lib/gcc10/gcc/x86_64-apple-darwin18/10.1.0 -L/opt/local/lib/gcc10/gcc/x86_64-apple-darwin18/10.1.0/../../.. -lgfortran -lquadmath -lm'
GREP='/usr/bin/grep'
INCLUDES=''
INSTALL_DATA='${INSTALL} -m 644'
INSTALL_PROGRAM='${INSTALL}'
INSTALL_SCRIPT='${INSTALL}'
LDFLAGS=''
LIBOBJS=''
LIBS=''
LTLIBOBJS=''
MA27LIB='libma27.a'
MA57LIB='libma57.a libfakemetis.a'
OBJEXT='o'
PACKAGE_BUGREPORT=''
PACKAGE_NAME=''
PACKAGE_STRING=''
PACKAGE_TARNAME=''
PACKAGE_URL=''
PACKAGE_VERSION=''
PATH_SEPARATOR=':'
PETSC_DIR=''
RANLIB='ranlib'
SHELL='/bin/sh'
ac_ct_CC=''
ac_ct_CXX=''
ac_ct_F77='gfortran'
bindir='${exec_prefix}/bin'
build='i386-apple-darwin18.6.0'
build_alias=''
build_cpu='i386'
build_os='darwin18.6.0'
build_vendor='apple'
datadir='${datarootdir}'
datarootdir='${prefix}/share'
docdir='${datarootdir}/doc/${PACKAGE}'
dvidir='${docdir}'
exec_prefix='${prefix}'
host='i386-apple-darwin18.6.0'
host_alias=''
host_cpu='i386'
host_os='darwin18.6.0'
host_vendor='apple'
htmldir='${docdir}'
includedir='${prefix}/include'
infodir='${datarootdir}/info'
libdir='${exec_prefix}/lib'
libexecdir='${exec_prefix}/libexec'
localedir='${datarootdir}/locale'
localstatedir='${prefix}/var'
mandir='${datarootdir}/man'
oldincludedir='/usr/include'
ooqp_src='src'
pdfdir='${docdir}'
petsc_common_variables=''
petsc_enabled='no # Petsc support has been disabled'
prefix='/usr/local'
program_transform_name='s,x,x,'
psdir='${docdir}'
sbindir='${exec_prefix}/sbin'
sharedstatedir='${prefix}/com'
subdirs=' src/Mex src/Ampl'
sysconfdir='${prefix}/etc'
target='i386-apple-darwin18.6.0'
target_alias=''
target_cpu='i386'
target_os='darwin18.6.0'
target_vendor='apple'

## ----------- ##
## confdefs.h. ##
## ----------- ##

/* confdefs.h */
#define PACKAGE_NAME ""
#define PACKAGE_TARNAME ""
#define PACKAGE_VERSION ""
#define PACKAGE_STRING ""
#define PACKAGE_BUGREPORT ""
#define PACKAGE_URL ""
#define STDC_HEADERS 1
#define HAVE_GETRUSAGE 1

configure: exit 0
