Run	R to R'	R to R''	R' to R''	Real to R (proteins)
Real	4930.76	4643.44	2184
Random1	10441.1	10215.7	3327.11	7865.48
Random2	17035.5	16924.5	5735.24	7584.29
Random3	5840.99	5721.64	1693.13	5807.29
Random4	8081.98	7885.85	2432.47	6218.91
Random5	7127.15	6895.89	2504.35	7615.62
Random6	10129.9	9985.11	3008.15	7491.04
Random7	7208.91	7027.2	2265.2	6058.49
Random8	6186.06	5972.06	2398.06	6032.82
Random9	7943.7	7760.44	2653.17	7571.38
Random10	9513.65	9152.94	3524.09	6439.62
Random11	6783.94	6596.25	2420.23	6720.58
Random12	6928.4	6656.9	2480.9	6484.04
Random13	6939.91	6670.22	2474.97	7393.24
Random14	5124.17	4981.58	1694.51	5759.96
Random15	7750.4	7557.86	2599.99	7389.32
Random16	9008.88	8667.77	3759.03	7482.81
Random17	7100.59	6887.69	2304.81	6951.8
Random18	9256.77	8991.28	3598.25	6793.17
Random19	6347.14	6132.7	2794.02	6433.31
Random20	4640.31	4432.46	1829.94	6049.8
Random21	7212.12	6979.61	2325.03	6151.06
Random22	6620.19	6438.54	2319.33	6842.24
Random23	7758.71	7546.25	2811.66	6922.28
Random24	8249.85	8022.72	2859.21	7009.67
Random25	7544	7293.79	2647.44	6283.06
Random26	11000.8	10720.5	3504.72	6972.4
Random27	6972.1	6797.69	2040.57	6574.36
Random28	10290.2	10062.4	3925.06	7571.79
Random29	8910.74	8703.13	2913.06	7368.83
Random30	8453.42	8313.84	2312.76	6369.52
Random31	7216.55	6979.43	2485.15	7069.6
Random32	7891.54	7643.45	2617.86	7599.2
Random33	6158	5991.37	2055.85	6463.02
Random34	7925.3	7682.49	2903.64	6769.38
Random35	8678.55	8412.57	3097	8015.13
Random36	5537.61	5377.09	1729.44	5293.8
Random37	8328.9	8136.23	2840.2	6480.84
Random38	8758.95	8503.77	3237.66	7769.94
Random39	6927.99	6812.24	1938.79	6562.29
Random40	10417.3	10282.3	3227.56	6695.57
Random41	5740.53	5582.41	2016.72	6593.56
Random42	7452.22	7212.88	2965.15	6590.37
Random43	6497.61	6181.71	2517.08	6450.32
Random44	5646.05	5442.07	2149.4	6647.16
Random45	7340.84	7173.33	2537.19	6988.9
Random46	9268.76	9143.41	2686.88	6734.67
Random47	7114.08	6830.16	2618.36	6755.35
Random48	4882.11	4450.87	2451.66	5912.45
Random49	7939.53	7741.78	2495.7	7195.19
Random50	16488.2	16115.4	6056.48	9768.32
Random51	6418.6	6148.46	2562.65	7909.49
Random52	8073.68	7810.38	2881.96	6464.29
Random53	5071.99	4915.45	1758.01	5604.58
Random54	10206.7	9988.89	3596.61	7101.26
Random55	8827.15	8617.65	2672.6	7302.97
Random56	5714.23	5507.23	2111.02	6287.59
Random57	7874.04	7654.79	3150.97	7161.83
Random58	7155.09	6932.66	2379.24	7589.61
Random59	6026.11	5822.99	2168.74	5861.96
Random60	6567.7	6410.39	2456.11	6160.48
Random61	7009.88	6763.03	2804.06	7161.25
Random62	7385.85	7122.11	2661	6813.89
Random63	10618.7	10398.8	3266.23	8113.11
Random64	4809.55	4692.78	1424.24	6676.87
Random65	6511.9	6367.52	1976.43	7046.86
Random66	11113.8	10894.4	3585.52	8330.88
Random67	7843.46	7677.69	2835.97	8198.09
Random68	5256.03	5149	1658.22	5657.94
Random69	6094.16	5802.87	2453.18	6388.91
Random70	7583.66	7422.5	2119.89	6604.5
Random71	6616.06	6432.88	2202.2	6864.44
Random72	6192.99	5995.86	2259.95	6195.52
Random73	7699.71	7407.32	2750.87	6977.13
Random74	8648.6	8397.89	2860.36	7085.31
Random75	7456.87	7334.94	2578.32	7307.48
Random76	8522.32	8284	3379.63	7235.98
Random77	9323.88	9069.6	3476.63	7439.66
Random78	6537.01	6356.24	2125	7028.47
Random79	8149.85	7929	3142.9	7919.69
Random80	8892.34	8575.11	3319.29	7913.28
Random81	6754.4	6536.68	2386.71	6863.42
Random82	11821.7	11699.2	3882.18	8339.23
Random83	7754.14	7602.69	2418.22	6443.12
Random84	11189.8	10777.7	4906.76	9674.11
Random85	6761.31	6551.44	2360.07	6086.05
Random86	6614.95	6433.31	2317.7	7157.97
Random87	5670.76	5477.67	1924.92	6096.49
Random88	6062.51	5940.41	2010.97	6949.42
Random89	5967.64	5680.23	2604.39	6387.79
Random90	7554.71	7356.95	2672.65	6659.71
Random91	7002.64	6653.13	2676.89	6745.83
Random92	11028.8	10822	3430.65	9009.32
Random93	6373.24	6222.13	2173.88	6350.33
Random94	7865.2	7535.37	3105.6	7393.29
Random95	8983.26	8821.34	3221.67	8945.24
Random96	7589.22	7401.55	2553.15	7462.02
Random97	6648.7	6494.52	2332.05	6542.42
Random98	6244.62	6099.86	2225.99	6611.6
Random99	10414.1	10133.3	3962.81	7991.62
Random100	10331.8	10156.1	3329.42	7039.82
Random101	7342.09	7058.7	2603.46	7645.3
Random102	6211.11	6007.21	2285.62	6537.99
Random103	9746.69	9560.46	3254.86	7717.59
Random104	12499.5	12334.4	4235.82	7716.76
Random105	6574.66	6317.28	2339.97	7635.9
Random106	7819.38	7668.14	2526.83	5758.31
Random107	6126.68	5956.3	2174.7	6802.32
Random108	5989.74	5733.32	2136.62	6133.47
Random109	8875.04	8648.27	3119.8	7245.33
Random110	7713.04	7451.9	2714.6	7653.01
Random111	7483.52	7158.54	2781.48	6726.01
Random112	4620.38	4503.85	1550.5	5645.92
Random113	7464.03	7165.22	2679.3	6480.63
Random114	10361.3	10113	3817.97	8797.47
Random115	5985.42	5753.37	2298.5	6739.51
Random116	6303.19	6066.96	2235.77	6046.99
Random117	14980.3	14664.9	4438.57	7387.07
Random118	7533.7	7349.26	2466.32	7237.81
Random119	10907.6	10730.3	3222.97	8115.07
Random120	7049.2	6766.73	3138.23	6932.72
Random121	5187.86	5038.12	1808.81	6147.12
Random122	8472.28	8301.89	2776.24	8496.78
Random123	7237.05	6825.06	3053.63	7215.64
Random124	6418.31	6237.1	2488.31	6274.1
Random125	5394.28	5155.48	2127.1	6362.06
Random126	8907.29	8690.18	3112.18	7243.81
Random127	6382.39	6231.11	2199.17	7423.66
Random128	7626.66	7432.53	2588.91	6982.92
Random129	7030.03	6821.41	2574.35	6673.67
Random130	7310.98	7046.84	2782.63	6858.28
Random131	8323.99	8033.56	2744.63	7090.38
Random132	5135.65	4931.64	2066.53	5709.92
Random133	5641	5442.41	2037	6727.15
Random134	8221.11	7871.98	3093.64	6944.15
Random135	5589.65	5287.48	2295.94	6086.55
Random136	11087.4	10864.2	4497.61	9580.46
Random137	7124.81	6830.02	2674.38	6957.13
Random138	11627.3	11386.2	4076.67	8311.98
Random139	9062.83	8845.61	2898.54	7385.06
Random140	7045.87	6856.6	2238.56	6836.22
Random141	5432.79	5243.26	2185.7	5248.36
Random142	7246.84	7013.86	3491.03	8313.53
Random143	9113.23	8861.78	3396.94	7286.94
Random144	7166.5	6797.74	3460.1	7463.57
Random145	6690.69	6475.26	2313.96	8059
Random146	7619.09	7445.96	2181.11	6538.1
Random147	9874.9	9559.06	3406.82	7863.25
Random148	18387.3	18122.8	5753.78	10210.1
Random149	10891.2	10746.3	2680.17	9249.1
Random150	7500.66	7296.78	2593.27	6741.8
Random151	7850.56	7640.48	2613.22	8934.41
Random152	6691.67	6542.93	2298.34	5906.16
Random153	7164.15	6918.58	2623.71	6308.37
Random154	6675.95	6502.44	2076.23	6564.13
Random155	8827.09	8699	2792.87	7547.97
Random156	6942.88	6682.75	2275.57	6030.75
Random157	7957.27	7638.1	2724.89	8428.8
Random158	8342.91	7992.02	3603.39	8359.18
Random159	9010.2	8607.18	3872.22	7522.64
Random160	9426.45	9204.95	3262.4	6918.59
Random161	9454.44	9347.48	3795.23	8033.66
Random162	9948.14	9514.65	3408.8	8634.13
Random163	6300.56	6141.09	1983.27	5825.96
Random164	13869.5	13710.8	4264.26	10900
Random165	7751.57	7596.1	2208.21	7296.64
Random166	8878.33	8594.48	3945.7	8540.12
Random167	7383.14	7122.87	2890.25	6544.84
Random168	6654.26	6453.39	2366.58	7015.26
Random169	8094.43	7870.51	2924.93	6515.94
Random170	9251.16	8994.03	3193.74	7393.46
Random171	5803.84	5667.12	2186.19	6422.02
Random172	10939.9	10722.6	3747.22	7883.09
Random173	5875.63	5604.57	2796.14	7826.91
Random174	8396.24	8045.28	3690.38	8868.64
Random175	8896.57	8752.19	3005.26	7169.77
Random176	13823.2	13332	5120.87	9265.23
Random177	9869.09	9716.83	2312.4	7268.5
Random178	7552.39	7320.62	2634.85	7157.11
Random179	8736.84	8519.01	3093.25	7180.75
Random180	4263.93	4080.54	1674.67	5888.67
Random181	15942.6	15641.3	6685.6	11464.1
Random182	9497.67	9052.54	4107.68	9611.55
Random183	8135.02	7982.06	2918.29	6438.13
Random184	6610.84	6385.72	2309.57	6229.54
Random185	11401.1	11284.6	2705.43	7080.94
Random186	8535.21	8321.79	2337.39	7444.03
Random187	6742.6	6589.38	2383.78	7957.3
Random188	9288.89	9100.75	2616.08	6126.47
Random189	3306.62	3143.83	1434.87	5782.79
Random190	9966.39	9629.54	3607.86	8213.93
Random191	10866.7	10565.5	4005.71	8974.75
Random192	10367.4	10163.6	3691.71	8013.29
Random193	8307.45	8175.23	2447.87	7326.24
Random194	5685.55	5524.68	2030.77	6226.84
Random195	7931.14	7661.53	3369.2	8026.44
Random196	8377.82	8233.73	2903.98	7457.07
Random197	7292.71	6994.01	2747.23	7125.6
Random198	9089.03	8807.77	3225.97	7273.14
Random199	7427.84	7108.85	2936.77	7119.86
Random200	8407.98	8165.17	2800.02	6729.72
Random201	8662.18	8490.76	2608.69	6903.74
Random202	8417.68	8153.59	3294.77	7475.33
Random203	6161.31	5964.4	2294.29	6237.21
Random204	8603.63	8343.14	2964.07	8672.07
Random205	8552.66	8423.44	2970.33	8294.61
Random206	4993.96	4714.53	2062.14	6598.84
Random207	9162.21	8854.13	3253.66	8256.61
Random208	6509.94	6309.2	2282.81	8293.28
Random209	7688.3	7453.32	2442.05	7157.74
Random210	10619.4	10353	3912.74	6844.74
Random211	7149.43	7050.84	2648.82	6459.5
Random212	9374.25	9197.64	3014.7	7298.21
Random213	9371.34	9035.25	3199.49	7121.35
Random214	9709.31	9517.28	3581.5	7853.97
Random215	6346.22	6220.85	2187.63	6657.86
Random216	5964.12	5748.34	2228.22	6929.84
Random217	6396.99	6292.41	1602.62	6545.29
Random218	5272.67	5055.47	2240.93	6247.26
Random219	7981.27	7760.84	3067.54	6610.7
Random220	8880.43	8702.89	2750.99	7265.42
Random221	7892.74	7696.72	2404.69	6599.68
Random222	14584.8	14472.4	4921.65	7664.31
Random223	4632.78	4404.8	2085.89	5562.04
Random224	8311	8098.95	3205.05	7490.82
Random225	8170.53	7895.59	2994.9	8731.79
Random226	6233.32	6025.83	2049.68	6536.77
Random227	10296.8	10103.7	3461.35	6800.08
Random228	8488.13	8296.17	2795.61	7213.67
Random229	9284.71	9030.6	3122.07	7764.54
Random230	10218.7	9969.24	3503.11	7079.08
Random231	9375.26	9000.71	3926.95	8376.01
Random232	6470.88	6220.55	2554.16	5313.61
Random233	12744.6	12539.1	4318.08	9329.93
Random234	6194.24	6019.86	2143.56	6184.29
Random235	9116.08	8956.97	2270.25	7543.99
Random236	6186.18	5967.85	2389.82	5964.91
Random237	5464.19	5307.03	1883.13	6434.82
Random238	8086.63	7968.74	2610.64	7354.74
Random239	8891.73	8758.09	2679.12	7288.9
Random240	8851.99	8606.92	3127.12	6475.95
Random241	12179.2	11911	4313.63	8938.82
Random242	6158.43	5934.57	2382.47	6467.49
Random243	6216.24	6092.56	1912.94	7432.6
Random244	3898.25	3727.49	1568.73	6360.77
Random245	6206.5	6068.77	1914.58	5838.83
Random246	8586.56	8423.07	2941.33	6544.07
Random247	9555.51	9342.72	3554.51	8280.8
Random248	8596.69	8409.66	2855.37	7516.13
Random249	6637.28	6432.21	2241.12	6279.57
Random250	10223.4	9989.11	3666.1	8463.68
Random251	9148.74	8889.54	3336.08	8957.46
Random252	7604.53	7334.63	2718.9	6788.99
Random253	7999.88	7818.85	2496.67	7209.57
Random254	8400.46	8290.04	2469.97	7339.1
Random255	6662.11	6413.42	2383.1	5997.54
Random256	8239.45	8072.04	2804.65	6971.33
Random257	6769.35	6536.91	2655.74	7267.58
Random258	7602.24	7221.41	2954.58	6845.53
Random259	6478.32	6231.4	2392.24	6403.45
Random260	7102.41	6879.38	2527.71	7430.43
Random261	9322.52	9040.06	3205.63	7733.1
Random262	14214.9	13782.3	5464.79	10543.8
Random263	11060.9	10878.8	3006.98	7470.59
Random264	9301.84	9063.09	2700.27	7722.91
Random265	7176.73	6952.73	2321.79	6943.41
Random266	7688.5	7484.17	2976.92	7724.9
Random267	7539.82	7358.93	2257.92	6610.78
Random268	8963.56	8820.4	2517.93	6631.38
Random269	5806.05	5697.27	2051.58	7466.77
Random270	10662.3	10505	3499.07	6861.44
Random271	6467.34	6240.6	2427.48	6009.23
Random272	5836.56	5708.57	1922.35	6087.3
Random273	12157.1	11824.9	4540.73	7646.88
Random274	10352.3	10001	3678.69	7886.43
Random275	9836.18	9526.4	3668.45	8448.02
Random276	12099.5	11904.2	3975.47	8371.37
Random277	5621.94	5488.67	1912.6	6240.11
Random278	10692.9	10566.3	2836.42	8115.14
Random279	6106.28	5937.46	1973.45	6112.54
Random280	6392.82	6198.5	2299.16	6681.67
Random281	8498.99	8220.95	3215.53	6605.7
Random282	5033.08	4842.78	1750.85	6131.49
Random283	5983.81	5765.17	2218.63	6764.92
Random284	10860.6	10610.6	3887.82	7977.94
Random285	8968.2	8648.23	3442.85	7996.46
Random286	9394.83	9082.35	3982.49	9184.8
Random287	10167.2	9841.39	4026.66	7821.77
Random288	8432.25	8253.7	3047.94	7514.47
Random289	8806.78	8573.36	3310.75	7181.25
Random290	8808.15	8495.76	3161.37	6860.67
Random291	9400.29	9266.75	2900.94	8962.69
Random292	9331.59	9128.2	3896.72	7056.05
Random293	5482.8	5294.35	1867.63	7073.62
Random294	6939.43	6770.29	2545.33	7162.66
Random295	5962.23	5791.8	1744.48	6223.35
Random296	17510.5	17298.9	5775.56	9432.83
Random297	8678.54	8538.88	1994.78	6814.84
Random298	7538.15	7400.12	2788.81	7760.89
Random299	9207.75	9034.28	2734.44	7798.06
Random300	7943.19	7774.07	2533.07	6870.7
Random301	7910.02	7749.23	2345.77	7287.34
Random302	5656.6	5505.52	1835.79	5928.83
Random303	14668.1	14293.4	5481.16	9876.48
Random304	4680.71	4560.55	1526.47	5745.45
Random305	5522.74	5283.75	2490.21	6381.9
Random306	9057.15	8799.72	3415.82	6632.6
Random307	10966	10809.9	3621.63	9154.18
Random308	3924.05	3787.36	1464.08	5444.07
Random309	9085.2	8805.12	3138.88	7299.34
Random310	10510.5	10289.7	4314.61	8405.84
Random311	6513.15	6325.15	2399.69	6417.05
Random312	8035.41	7691.07	3100.59	6967.39
Random313	7108.15	6784.2	2674.55	6692.17
Random314	5455.6	5228.62	2113.13	6566.4
Random315	7816.73	7516.74	3404.4	7735.45
Random316	7416.7	7165.03	2679.03	7624.37
Random317	6788.95	6643.46	2042.97	6239.23
Random318	7697.88	7419.68	2766.31	7051.17
Random319	7195.63	6929.01	2952.87	7617.35
Random320	8816.08	8566.53	3019.56	8693.55
Random321	8399.49	8163.43	2815.28	8170.3
Random322	6976.62	6770.93	2538.54	6983.27
Random323	5878.22	5692.77	2082.96	6662.24
Random324	7756.96	7580.35	2541.34	6770.05
Random325	7376.92	7209.41	2376.7	7106.09
Random326	8146.09	7882.99	2788.8	6410.13
Random327	6921.92	6741.78	2564.58	6214.59
Random328	8505.25	8317.21	2463.98	6905.87
Random329	7934.32	7695.53	2800.12	7654.42
Random330	9059.71	8724.9	3640.4	8609.19
Random331	7626.52	7435.13	2876.61	7408.74
Random332	10974.1	10821.8	3320.72	9183.09
Random333	6805.23	6533.93	2588.67	6685.24
Random334	8830.48	8559.16	2989.26	7825.25
Random335	12481.2	12154.6	4284.47	9173.21
Random336	6806.21	6185.57	3368.93	7501.06
Random337	8014.26	7658.41	3312.15	6789.73
Random338	5915.45	5753.11	2100.07	6937.65
Random339	16407.9	16135.3	5683.38	9958.61
Random340	17081.4	16711.6	5458.49	9321.54
Random341	7127.01	6921.32	2502.29	6930.45
Random342	6788.71	6574.83	2246.41	6778.25
Random343	7916.49	7572.09	3281.02	8493.62
Random344	6016.21	5719.06	2453.98	6759.41
Random345	7176.57	6906.42	2876.42	6839.39
Random346	8898.87	8666.97	2915.18	6986.88
Random347	8780.81	8605.06	2873.49	7007.01
Random348	16377.9	16019.1	5429.31	7649.12
Random349	10131.2	9988.28	3490.68	8142.06
Random350	7575.24	7262.75	3015.32	6957.34
Random351	5644.67	5441.72	1920.99	6295.18
Random352	13077.6	12900.2	4296.19	8519.24
Random353	5989.78	5826.64	1906.15	6214.95
Random354	8691.64	8436.23	3265.77	7322.35
Random355	13672.5	13498	3964.02	8687.14
Random356	5605.63	5455.43	1769.78	6358.52
Random357	9336.91	9151.36	3369.09	7828.04
Random358	9564.87	9410.51	2969.03	7279.45
Random359	7775.08	7518.95	2967.08	6481.65
Random360	11151.3	10869.7	3904.68	7709.05
Random361	6729.09	6562.7	2234.56	6523.99
Random362	10403.9	10291.2	3616.98	8101.68
Random363	15884.1	15538.8	5822.62	10149
Random364	6201.51	5996.61	2067.6	5964.55
Random365	7223.58	6989.04	2655.17	6827.83
Random366	9186.37	8969.96	3180.48	7491.33
Random367	7154.33	6882.29	3005.86	7334.9
Random368	12697.1	12483.3	3960.58	7231.63
Random369	11228.3	10913.9	4778.73	7815.81
Random370	7489.16	7293.34	2599.78	6642.21
Random371	5899.24	5687.9	2420.42	6031.38
Random372	6628.09	6476.32	2030.59	6279.58
Random373	10430.1	10272.1	3795.4	8280.24
Random374	6871.63	6686.8	2194.71	6242.64
Random375	7858.45	7646.02	2581.14	7074.04
Random376	5673.46	5368.12	2493.61	6547.5
Random377	7103.66	6977.56	2142.94	6334.84
Random378	6618.87	6440.45	2312.55	7032.68
Random379	8342.39	8028.83	3497.92	8031.67
Random380	11502.6	11291.6	4240.46	8371.72
Random381	8527.57	8369.79	3048.03	7890.97
Random382	7050.61	6897.86	2118.6	6947.75
Random383	7455.66	7180.6	2882.67	7633.82
Random384	10222.5	10034.5	3861.25	8470.56
Random385	8197.16	7971.95	3078.89	7481.73
Random386	6329.49	6037.56	2751.47	7102.19
Random387	7725.12	7567.23	2440.27	7753.3
Random388	7344.94	7097.78	2544.13	6936.07
Random389	9895.22	9733	3404.08	9726.47
Random390	6506.94	6347.84	2014.23	6330.53
Random391	6428.73	6197.41	2125.85	7091.75
Random392	11172	11060.7	2689.2	7166.98
Random393	10051.1	9689.93	3870.57	9141.55
Random394	7804.2	7672.14	2446.74	5807.79
Random395	9228.83	9035.62	3091.19	6846.46
Random396	8937.08	8749.42	3348.13	7248.4
Random397	6758.3	6605.42	2180.85	6054.67
Random398	6990.83	6722.77	2765.76	7157.26
Random399	10848	10597.3	3378.42	8385.16
Random400	6913.16	6718.75	2328.99	7394.5
Random401	12263.3	12080.9	4904.68	9553.7
Random402	6248.35	6032.81	2148.54	6715.36
Random403	11754.6	11482.6	4210.98	8632.38
Random404	10437.2	10236.4	3987.67	8871.48
Random405	10490.1	10184.6	3793.9	6874.87
Random406	5018.44	4806.84	1980.57	6770.19
Random407	6066.1	5890.15	2019.07	6343.52
Random408	11075.8	10896.4	3225.82	7112.97
Random409	6113.03	5899.24	2316.92	6079.37
Random410	5880.86	5748.6	1861.52	7778.26
Random411	10251.8	10074.4	3540.47	6992.56
Random412	12094.2	11924.8	3340.83	7993.07
Random413	5886.03	5643.17	2743.29	6720.92
Random414	6820.75	6648.65	2426.03	7502.74
Random415	4949.4	4766.02	1686.32	5993.5
Random416	15389.6	14919.6	5197.21	10035.1
Random417	5140.79	5041.12	1618.18	5732.75
Random418	6962.6	6816.45	2190.62	7304.71
Random419	6747.52	6569.76	2695.56	6411.43
Random420	7866.57	7599.38	2723.64	6714.99
Random421	7298.87	7090.04	2632.05	6917.03
Random422	5703.8	5462.87	2184.78	6610.76
Random423	10839.6	10566.7	3579.18	9621.04
Random424	7939.53	7604.19	3262.72	7457.4
Random425	7489.18	7288.17	2783.31	7143.12
Random426	10267.8	10021.6	3882.4	9084.96
Random427	7091.66	6725.25	2699.21	7005.28
Random428	9723.64	9398.83	3525.88	8077.21
Random429	7617.11	7301.13	3021.21	7401.21
Random430	5322.8	5131.55	1924.26	6165.86
Random431	11985.8	11616.3	5453.86	8687.72
Random432	13574	13384.2	4731.17	7868.03
Random433	9303.78	9054.25	3277.68	7586.1
Random434	6667.28	6456.05	2418.92	6918.49
Random435	10985.9	10757.8	3513.7	8780.66
Random436	7065.6	6944.24	2135.04	6974.07
Random437	6093.88	5958.49	2026.06	6996.76
Random438	9574.09	9282.28	3461.07	8117.73
Random439	10173.7	9997.18	2661.82	9277.42
Random440	6398.18	6259.22	2213.12	6336.72
Random441	7667.99	7470.14	2769.78	7413.27
Random442	8612.7	8224.77	3598.62	7387.54
Random443	7739.19	7606.7	2040.62	6735.91
Random444	8919.98	8708.33	2809.3	6818.1
Random445	7690.58	7433.05	2808.47	6598.08
Random446	7302.05	7093.47	2618.5	6790.36
Random447	6028.97	5854.45	2439.46	6839.15
Random448	7718.14	7440.84	2780.4	7520.47
Random449	6181.92	6026.52	2012.16	6833.53
Random450	8529.06	8315.78	2777.42	6920.48
Random451	7911.53	7672.88	2869.77	7515.09
Random452	9227.21	9085.72	2810.28	8071.18
Random453	5491.97	5284.85	1969.2	5934.12
Random454	6470.03	6100.8	3404.21	7198.8
Random455	7877.16	7627.98	2802.94	7355.01
Random456	3808.85	3692.53	1226.9	5649.9
Random457	6949.85	6666.56	3076.6	6953.67
Random458	7698.13	7347.49	3229.7	7299.63
Random459	5229.67	4988.82	2254.2	6176.82
Random460	6075.44	5962.95	1876.27	6267.9
Random461	9594.24	9464.6	2877.83	8142.66
Random462	6312.08	6043.96	2468.29	7082.1
Random463	6421.74	6255.62	2482.74	6623.16
Random464	7165.76	7029.19	2266.27	6939.75
Random465	7830.42	7574.38	2624.7	7120.97
Random466	9505.4	9167.48	3470.71	7480.13
Random467	6271.44	6063.97	2478.89	6882.02
Random468	6781.5	6092.87	3545.03	6920.56
Random469	7644.44	7488.39	2793.21	7692.59
Random470	6388.11	6214.61	2234.11	6412.1
Random471	7375.65	7283.31	2230.76	6818.8
Random472	10343.4	10177.3	3116.34	8275.7
Random473	14053.1	13896.4	4552.09	9869.42
Random474	9423.15	9198.49	3976.63	8041.03
Random475	5446.47	5263.85	1959.36	6059.36
Random476	14960.9	14576	5325.3	8532.9
Random477	12041.1	11886.3	3797.77	8686.05
Random478	4647.47	4452.65	1570.37	5450.48
Random479	5690.22	5457.78	2263.06	6882.73
Random480	12362	12019.2	4133.85	8100.5
Random481	6446.93	6221.21	1958.8	9223.34
Random482	9210.7	9024.93	4072.14	8123.4
Random483	6057.77	5862.22	2096.34	6103.02
Random484	8414.65	8207.86	2969.31	6727.82
Random485	5797.03	5621.13	2024.18	5864.27
Random486	6830.06	6653.77	2518.72	7164.01
Random487	5671.25	5534.35	1748.41	6479.55
Random488	8091	7857.55	2811.4	7276.16
Random489	8222.87	8026.37	2631.84	7663.49
Random490	8045.53	7891.92	2387.66	6298.33
Random491	12403	12228.8	4284.72	6564.06
Random492	11075.6	10715.4	4475.73	9152.63
Random493	5379.19	5244.67	1844.35	7384.1
Random494	9201.84	8987.62	3381.81	8304.85
Random495	8932.66	8696.7	3141.06	8054.45
Random496	9373.68	9078.31	3206.74	6802.94
Random497	9420.47	9236.06	3092.81	7139.49
Random498	7169.1	7003.83	2322.52	6080.94
Random499	10174.7	9740.82	4341.01	7571.6
Random500	10095.9	9774.22	3594.69	8058.97
P-value for R to R': 0.024
