Run	R to R'	R to R''	R' to R''	Real to R (proteins)
Real	0.437104	0.401308	0.217303
Random1	0.456011	0.438161	0.190887	0.740429
Random2	0.531169	0.525023	0.215263	0.744609
Random3	0.506617	0.486961	0.194262	0.72577
Random4	0.48944	0.462466	0.201951	0.703071
Random5	0.398452	0.375979	0.152347	0.753972
Random6	0.504016	0.484843	0.187682	0.748993
Random7	0.506889	0.48595	0.18939	0.722299
Random8	0.427559	0.408287	0.184568	0.725009
Random9	0.38551	0.368403	0.140418	0.673673
Random10	0.405935	0.380432	0.195451	0.606536
Random11	0.458121	0.437716	0.182353	0.740988
Random12	0.373806	0.352216	0.15851	0.705254
Random13	0.370453	0.343317	0.158994	0.690737
Random14	0.468372	0.44564	0.188628	0.746066
Random15	0.452583	0.434284	0.162537	0.745267
Random16	0.448381	0.427083	0.203988	0.729074
Random17	0.433123	0.413269	0.166499	0.720933
Random18	0.496083	0.468849	0.218772	0.698109
Random19	0.388972	0.370689	0.197605	0.658992
Random20	0.428493	0.395902	0.202349	0.742075
Random21	0.459938	0.422798	0.210423	0.733664
Random22	0.413189	0.397602	0.161713	0.748623
Random23	0.478616	0.457392	0.207924	0.75739
Random24	0.492125	0.461092	0.222618	0.728953
Random25	0.405403	0.379088	0.184829	0.740568
Random26	0.484612	0.455985	0.208941	0.747805
Random27	0.453656	0.429689	0.162078	0.757919
Random28	0.426016	0.412717	0.182121	0.760893
Random29	0.492285	0.469038	0.196255	0.75059
Random30	0.530383	0.506717	0.21227	0.745136
Random31	0.376049	0.355314	0.156048	0.77237
Random32	0.438685	0.413933	0.175043	0.744413
Random33	0.406349	0.387913	0.152742	0.743532
Random34	0.447379	0.426573	0.183127	0.725899
Random35	0.487445	0.461533	0.196359	0.768149
Random36	0.449571	0.426121	0.17173	0.617865
Random37	0.472603	0.453548	0.205491	0.709656
Random38	0.458609	0.43645	0.196307	0.748943
Random39	0.441375	0.426566	0.160319	0.727125
Random40	0.467136	0.455926	0.194461	0.751423
Random41	0.451068	0.43228	0.173546	0.745373
Random42	0.436038	0.409369	0.220638	0.75137
Random43	0.440254	0.407337	0.197286	0.736419
Random44	0.453903	0.423915	0.207089	0.740403
Random45	0.460445	0.439925	0.194203	0.762565
Random46	0.543237	0.5246	0.234091	0.736617
Random47	0.458591	0.426165	0.207506	0.73861
Random48	0.365145	0.319382	0.219289	0.719589
Random49	0.458251	0.442618	0.138372	0.768269
Random50	0.500056	0.481306	0.203637	0.757479
Random51	0.392625	0.372914	0.169347	0.760742
Random52	0.482451	0.452333	0.225795	0.739683
Random53	0.441874	0.417923	0.177494	0.647862
Random54	0.470083	0.453719	0.190838	0.67122
Random55	0.4593	0.436097	0.191425	0.726838
Random56	0.415929	0.391287	0.181745	0.750469
Random57	0.439444	0.420403	0.204432	0.713254
Random58	0.405226	0.386147	0.147923	0.744491
Random59	0.447325	0.4177	0.199118	0.69748
Random60	0.437324	0.42064	0.204612	0.75634
Random61	0.41572	0.393664	0.189349	0.719148
Random62	0.474497	0.452076	0.182362	0.705914
Random63	0.512095	0.48799	0.217428	0.750182
Random64	0.35614	0.344383	0.109718	0.759183
Random65	0.473489	0.458921	0.158923	0.76104
Random66	0.533781	0.518332	0.180164	0.77381
Random67	0.451568	0.434307	0.188886	0.753501
Random68	0.456295	0.438218	0.175874	0.703847
Random69	0.432785	0.39708	0.206581	0.689471
Random70	0.46932	0.450718	0.161521	0.730445
Random71	0.414209	0.391982	0.165701	0.745791
Random72	0.442905	0.420961	0.189808	0.698248
Random73	0.467173	0.434161	0.211046	0.751176
Random74	0.453828	0.431367	0.189151	0.716118
Random75	0.450548	0.43819	0.166978	0.747581
Random76	0.419188	0.399021	0.200704	0.733358
Random77	0.477622	0.455777	0.227934	0.761615
Random78	0.428046	0.40376	0.164127	0.748743
Random79	0.426004	0.406028	0.189024	0.746358
Random80	0.457096	0.435175	0.196117	0.745018
Random81	0.459895	0.434355	0.186968	0.73951
Random82	0.539083	0.528399	0.214957	0.746979
Random83	0.506536	0.489473	0.174599	0.698955
Random84	0.456729	0.430624	0.223399	0.76153
Random85	0.482155	0.459447	0.203005	0.710116
Random86	0.421653	0.403821	0.164217	0.730508
Random87	0.441637	0.413319	0.194573	0.731654
Random88	0.433281	0.421527	0.147757	0.71363
Random89	0.410479	0.377675	0.210988	0.73389
Random90	0.454722	0.434445	0.181274	0.729068
Random91	0.412102	0.378039	0.186744	0.721171
Random92	0.47473	0.459736	0.170945	0.739723
Random93	0.45047	0.434322	0.165907	0.716162
Random94	0.467225	0.435747	0.229769	0.751244
Random95	0.45724	0.443349	0.17334	0.779993
Random96	0.435887	0.418359	0.163416	0.742037
Random97	0.420239	0.402552	0.176973	0.726813
Random98	0.45856	0.441786	0.175071	0.746543
Random99	0.500743	0.479649	0.214298	0.708042
Random100	0.499224	0.484482	0.185017	0.754494
Random101	0.335394	0.315529	0.133377	0.738833
Random102	0.417655	0.396043	0.180085	0.744858
Random103	0.439208	0.423806	0.183948	0.759148
Random104	0.478187	0.468358	0.176863	0.753521
Random105	0.352662	0.330493	0.138478	0.740981
Random106	0.491521	0.477073	0.178936	0.606807
Random107	0.420124	0.400664	0.161875	0.662792
Random108	0.395543	0.369089	0.167663	0.689463
Random109	0.465621	0.444494	0.198197	0.677601
Random110	0.427854	0.403985	0.186364	0.736187
Random111	0.420766	0.39219	0.180123	0.654318
Random112	0.450714	0.430474	0.179076	0.712537
Random113	0.416498	0.383798	0.194412	0.743802
Random114	0.458922	0.444001	0.174842	0.786393
Random115	0.326585	0.30728	0.143334	0.725667
Random116	0.462593	0.436298	0.188999	0.719908
Random117	0.506693	0.478088	0.22746	0.728426
Random118	0.467797	0.446191	0.175456	0.737225
Random119	0.486709	0.468384	0.177623	0.775962
Random120	0.373851	0.35302	0.191615	0.720417
Random121	0.397789	0.378488	0.162133	0.742015
Random122	0.474547	0.462916	0.147838	0.686619
Random123	0.383748	0.349758	0.196387	0.695401
Random124	0.42598	0.406421	0.186408	0.70483
Random125	0.373208	0.350742	0.165318	0.697483
Random126	0.426788	0.409334	0.194975	0.758076
Random127	0.351685	0.335319	0.134197	0.762548
Random128	0.420554	0.405974	0.161086	0.741922
Random129	0.409964	0.389858	0.190377	0.708931
Random130	0.426232	0.397935	0.194743	0.731073
Random131	0.419497	0.390926	0.177648	0.73104
Random132	0.380998	0.355188	0.197949	0.70011
Random133	0.435746	0.414218	0.178107	0.732514
Random134	0.443344	0.412662	0.206596	0.735284
Random135	0.411079	0.368743	0.218518	0.724102
Random136	0.500677	0.486333	0.221609	0.710503
Random137	0.468896	0.437993	0.207858	0.752082
Random138	0.492688	0.476263	0.200305	0.733731
Random139	0.454159	0.432716	0.182125	0.763981
Random140	0.470824	0.452012	0.158349	0.757207
Random141	0.450909	0.428804	0.200221	0.593277
Random142	0.348525	0.332684	0.187609	0.730345
Random143	0.452092	0.432595	0.17135	0.742081
Random144	0.423259	0.396043	0.216464	0.733478
Random145	0.369317	0.351242	0.145197	0.748835
Random146	0.478375	0.455848	0.174232	0.755862
Random147	0.424727	0.402534	0.185521	0.761945
Random148	0.519914	0.50733	0.191472	0.762615
Random149	0.454059	0.44591	0.11449	0.769403
Random150	0.457915	0.43948	0.184306	0.742108
Random151	0.332178	0.318213	0.118812	0.765348
Random152	0.444877	0.427787	0.196697	0.724477
Random153	0.412887	0.388784	0.187907	0.683299
Random154	0.474908	0.448651	0.189323	0.721686
Random155	0.457116	0.43942	0.170571	0.757629
Random156	0.481984	0.454104	0.194785	0.637997
Random157	0.394854	0.374188	0.14883	0.728217
Random158	0.470088	0.440353	0.225982	0.727858
Random159	0.419795	0.386994	0.230776	0.728349
Random160	0.509311	0.489993	0.200655	0.690299
Random161	0.536967	0.528104	0.236397	0.764769
Random162	0.433371	0.402977	0.177632	0.729706
Random163	0.470188	0.445871	0.179534	0.685845
Random164	0.483871	0.475323	0.157674	0.770174
Random165	0.439794	0.423033	0.144015	0.768445
Random166	0.419472	0.396376	0.218608	0.770202
Random167	0.390336	0.370141	0.188182	0.713987
Random168	0.453104	0.432414	0.191711	0.716571
Random169	0.462641	0.437065	0.221034	0.707534
Random170	0.481807	0.461397	0.203905	0.737738
Random171	0.424894	0.408056	0.179868	0.742895
Random172	0.469275	0.453475	0.191333	0.735893
Random173	0.291093	0.275306	0.138128	0.718469
Random174	0.39418	0.373862	0.192866	0.757884
Random175	0.510506	0.488049	0.233091	0.754768
Random176	0.430863	0.399535	0.221201	0.727224
Random177	0.503242	0.49059	0.141766	0.71243
Random178	0.454313	0.435028	0.162821	0.728949
Random179	0.449246	0.431389	0.181236	0.745202
Random180	0.389099	0.366115	0.170302	0.70381
Random181	0.496774	0.484963	0.202703	0.78298
Random182	0.474776	0.444188	0.224658	0.729669
Random183	0.450422	0.435702	0.172612	0.696667
Random184	0.444851	0.413182	0.202369	0.724391
Random185	0.589858	0.573592	0.230851	0.774543
Random186	0.458984	0.435311	0.159504	0.748131
Random187	0.418441	0.405056	0.152973	0.743867
Random188	0.524773	0.505992	0.212072	0.622828
Random189	0.277691	0.259203	0.125522	0.712758
Random190	0.468019	0.440931	0.204403	0.717013
Random191	0.477833	0.455081	0.21522	0.76363
Random192	0.466132	0.446308	0.218902	0.737525
Random193	0.466543	0.457217	0.135486	0.759582
Random194	0.399528	0.383872	0.164332	0.73339
Random195	0.44931	0.427688	0.220446	0.743442
Random196	0.489394	0.476966	0.191092	0.748908
Random197	0.393479	0.361198	0.193726	0.738911
Random198	0.487738	0.458701	0.199745	0.6895
Random199	0.431366	0.400446	0.197382	0.737999
Random200	0.429501	0.405248	0.196019	0.737216
Random201	0.492987	0.468506	0.212452	0.769612
Random202	0.444372	0.422681	0.219856	0.73894
Random203	0.424558	0.405687	0.173811	0.735095
Random204	0.456289	0.436268	0.169677	0.741191
Random205	0.493255	0.483931	0.167333	0.767762
Random206	0.357357	0.331049	0.163239	0.753829
Random207	0.423676	0.398744	0.184623	0.751036
Random208	0.377017	0.357141	0.14471	0.754235
Random209	0.392889	0.373551	0.147259	0.745407
Random210	0.458532	0.439875	0.236657	0.75953
Random211	0.498512	0.485114	0.201	0.743132
Random212	0.453486	0.438979	0.161305	0.734154
Random213	0.46176	0.431486	0.197316	0.701167
Random214	0.500992	0.487277	0.189324	0.747232
Random215	0.413237	0.398189	0.170397	0.749376
Random216	0.39708	0.37477	0.168329	0.722046
Random217	0.378612	0.368644	0.109868	0.75843
Random218	0.453431	0.424847	0.213811	0.7394
Random219	0.417933	0.398925	0.189596	0.748167
Random220	0.493819	0.473537	0.182025	0.746107
Random221	0.469518	0.447903	0.180027	0.703308
Random222	0.478897	0.472538	0.199925	0.758655
Random223	0.406121	0.379773	0.202124	0.626927
Random224	0.515397	0.490474	0.242624	0.761774
Random225	0.437751	0.412369	0.176301	0.70419
Random226	0.420567	0.398518	0.168013	0.730398
Random227	0.46108	0.444872	0.189374	0.727167
Random228	0.468289	0.45002	0.172421	0.745905
Random229	0.494449	0.475446	0.187117	0.709023
Random230	0.461015	0.440364	0.203087	0.721482
Random231	0.46201	0.431039	0.223273	0.681099
Random232	0.427515	0.399195	0.205832	0.574038
Random233	0.483367	0.469593	0.192695	0.773757
Random234	0.454456	0.434821	0.174057	0.687117
Random235	0.528477	0.512327	0.17476	0.758618
Random236	0.433696	0.406291	0.198789	0.710727
Random237	0.395421	0.377598	0.155738	0.762845
Random238	0.500712	0.48684	0.182421	0.751588
Random239	0.525096	0.510958	0.191637	0.726166
Random240	0.470206	0.447876	0.194666	0.685301
Random241	0.496913	0.477232	0.215169	0.769628
Random242	0.42695	0.404408	0.185566	0.693705
Random243	0.464474	0.448347	0.158882	0.753652
Random244	0.240317	0.226427	0.10501	0.738081
Random245	0.460338	0.434574	0.186687	0.736632
Random246	0.458148	0.444076	0.192187	0.746192
Random247	0.453678	0.437757	0.163646	0.772119
Random248	0.505954	0.48859	0.2097	0.761327
Random249	0.46303	0.436079	0.201461	0.705704
Random250	0.500124	0.486455	0.17915	0.756429
Random251	0.523635	0.499712	0.225224	0.77586
Random252	0.452906	0.422209	0.192211	0.75174
Random253	0.482629	0.460385	0.181865	0.756042
Random254	0.512042	0.501983	0.174575	0.745602
Random255	0.438214	0.405652	0.206527	0.697137
Random256	0.53462	0.515778	0.211388	0.750932
Random257	0.440901	0.416911	0.192428	0.760889
Random258	0.397943	0.360246	0.208274	0.744108
Random259	0.41151	0.388578	0.165548	0.705732
Random260	0.407354	0.389538	0.155334	0.72932
Random261	0.497226	0.475218	0.186034	0.730411
Random262	0.485721	0.465772	0.189746	0.782911
Random263	0.429875	0.415626	0.152387	0.691313
Random264	0.491333	0.459506	0.196654	0.754971
Random265	0.422963	0.40382	0.154323	0.726674
Random266	0.465925	0.450045	0.18758	0.752553
Random267	0.446559	0.422727	0.171366	0.735056
Random268	0.562621	0.539583	0.241179	0.725973
Random269	0.429045	0.417031	0.158474	0.76072
Random270	0.503266	0.484717	0.217844	0.732137
Random271	0.439376	0.415484	0.191436	0.668797
Random272	0.459287	0.438533	0.176872	0.717852
Random273	0.474246	0.447131	0.250646	0.764206
Random274	0.502682	0.470486	0.227734	0.766727
Random275	0.485292	0.453704	0.226285	0.769805
Random276	0.499513	0.487015	0.201961	0.759624
Random277	0.414823	0.396959	0.170915	0.715442
Random278	0.494364	0.48235	0.166153	0.785199
Random279	0.457166	0.437334	0.178564	0.728989
Random280	0.487101	0.467349	0.202573	0.744096
Random281	0.457864	0.435194	0.186057	0.723673
Random282	0.411391	0.383791	0.179668	0.739088
Random283	0.425347	0.401574	0.192592	0.735149
Random284	0.514209	0.48673	0.218171	0.710334
Random285	0.442873	0.416981	0.207898	0.721155
Random286	0.435825	0.41751	0.192901	0.738827
Random287	0.449749	0.423885	0.221309	0.741582
Random288	0.47539	0.462163	0.166609	0.74825
Random289	0.457211	0.43833	0.22395	0.730467
Random290	0.474418	0.442737	0.216748	0.74501
Random291	0.476155	0.465351	0.161614	0.766925
Random292	0.486311	0.469129	0.232436	0.720342
Random293	0.361414	0.346607	0.125751	0.744734
Random294	0.476631	0.455255	0.209455	0.745076
Random295	0.436829	0.410946	0.156212	0.716871
Random296	0.521586	0.507281	0.223631	0.78564
Random297	0.479086	0.468185	0.143349	0.753085
Random298	0.455851	0.441883	0.181582	0.754682
Random299	0.492731	0.473123	0.187671	0.74916
Random300	0.480079	0.460619	0.193638	0.770992
Random301	0.43214	0.416001	0.158128	0.759188
Random302	0.455295	0.430501	0.186502	0.733417
Random303	0.490975	0.474028	0.188453	0.763112
Random304	0.412987	0.394043	0.158449	0.697671
Random305	0.33795	0.316809	0.174901	0.736198
Random306	0.510838	0.490043	0.203915	0.695171
Random307	0.421641	0.40921	0.153976	0.75323
Random308	0.345492	0.32625	0.14534	0.703566
Random309	0.446891	0.418517	0.203883	0.738049
Random310	0.502753	0.485307	0.226725	0.710876
Random311	0.473328	0.453498	0.190054	0.748762
Random312	0.459838	0.430762	0.200551	0.734428
Random313	0.433448	0.409561	0.177147	0.722107
Random314	0.358071	0.332921	0.166654	0.754382
Random315	0.40567	0.381452	0.195344	0.745594
Random316	0.428649	0.400495	0.178635	0.747487
Random317	0.501292	0.482295	0.199547	0.720571
Random318	0.463957	0.434096	0.190435	0.713766
Random319	0.389705	0.368398	0.169229	0.710292
Random320	0.450085	0.4327	0.161673	0.757381
Random321	0.413713	0.397056	0.151025	0.760872
Random322	0.441936	0.422165	0.169129	0.742689
Random323	0.419424	0.400131	0.163403	0.775674
Random324	0.487037	0.465677	0.20406	0.749358
Random325	0.490019	0.472213	0.186757	0.738987
Random326	0.467234	0.432076	0.210248	0.672984
Random327	0.469217	0.448188	0.186062	0.649822
Random328	0.470522	0.449778	0.158919	0.730449
Random329	0.414911	0.398713	0.146844	0.748365
Random330	0.411152	0.388847	0.192282	0.703916
Random331	0.491685	0.471768	0.222964	0.757088
Random332	0.463357	0.455247	0.141239	0.765346
Random333	0.390457	0.369623	0.17219	0.730004
Random334	0.476242	0.447818	0.20304	0.749545
Random335	0.511163	0.495405	0.188081	0.779402
Random336	0.358245	0.308984	0.218292	0.747586
Random337	0.407244	0.374144	0.227438	0.733865
Random338	0.441394	0.422429	0.16746	0.722718
Random339	0.486413	0.472658	0.210116	0.769701
Random340	0.49573	0.471131	0.217158	0.738562
Random341	0.457523	0.437995	0.171809	0.740374
Random342	0.40417	0.382909	0.153913	0.70684
Random343	0.431697	0.404296	0.195753	0.751684
Random344	0.406545	0.377025	0.191721	0.712942
Random345	0.425295	0.394086	0.218047	0.723739
Random346	0.520688	0.491915	0.225779	0.737234
Random347	0.449975	0.433546	0.183146	0.722018
Random348	0.501108	0.480086	0.21893	0.7511
Random349	0.520905	0.505884	0.205895	0.771701
Random350	0.446036	0.412339	0.220489	0.729451
Random351	0.416464	0.390234	0.173237	0.742349
Random352	0.504344	0.491543	0.191804	0.75937
Random353	0.434446	0.41541	0.1606	0.660764
Random354	0.483909	0.458495	0.214602	0.760562
Random355	0.550621	0.535143	0.177047	0.722341
Random356	0.446076	0.427967	0.161367	0.731735
Random357	0.555552	0.540028	0.222933	0.761791
Random358	0.500246	0.483818	0.19349	0.742232
Random359	0.483729	0.462349	0.200094	0.706406
Random360	0.472929	0.449993	0.23288	0.744854
Random361	0.49591	0.469511	0.203238	0.733684
Random362	0.510041	0.499274	0.224451	0.753089
Random363	0.520719	0.504305	0.216298	0.778796
Random364	0.475165	0.443262	0.21992	0.749806
Random365	0.419797	0.399459	0.160832	0.719973
Random366	0.43462	0.417342	0.184746	0.720248
Random367	0.40401	0.376533	0.199242	0.703436
Random368	0.480954	0.467211	0.217282	0.711468
Random369	0.469909	0.451755	0.213442	0.719264
Random370	0.46564	0.441413	0.203384	0.737658
Random371	0.430125	0.408135	0.198423	0.701337
Random372	0.462054	0.442024	0.176761	0.701839
Random373	0.455637	0.44579	0.183415	0.76256
Random374	0.456837	0.430415	0.183176	0.716783
Random375	0.46529	0.441664	0.18269	0.7146
Random376	0.392407	0.364735	0.187194	0.675903
Random377	0.536872	0.522961	0.208521	0.761106
Random378	0.401421	0.383956	0.162139	0.733283
Random379	0.411827	0.39113	0.189203	0.753432
Random380	0.451822	0.438916	0.187664	0.732281
Random381	0.469796	0.45584	0.176156	0.761202
Random382	0.419488	0.40759	0.132036	0.728334
Random383	0.428572	0.395692	0.219573	0.73424
Random384	0.437145	0.428036	0.157121	0.773357
Random385	0.444038	0.427922	0.175743	0.767222
Random386	0.441567	0.416257	0.193999	0.75876
Random387	0.433249	0.420092	0.147235	0.765586
Random388	0.46377	0.438676	0.200954	0.69448
Random389	0.409105	0.397119	0.147448	0.771345
Random390	0.447823	0.424914	0.189233	0.757139
Random391	0.392654	0.366147	0.153935	0.752615
Random392	0.554244	0.537804	0.193913	0.741346
Random393	0.487216	0.4665	0.187024	0.77012
Random394	0.516149	0.49788	0.212239	0.684926
Random395	0.460215	0.441838	0.210173	0.744745
Random396	0.450604	0.435826	0.199701	0.780574
Random397	0.499445	0.472524	0.209096	0.735653
Random398	0.386268	0.365642	0.17633	0.754627
Random399	0.476183	0.454976	0.178143	0.766315
Random400	0.420581	0.400568	0.159105	0.758557
Random401	0.52459	0.514999	0.220096	0.745824
Random402	0.408769	0.388028	0.153614	0.717483
Random403	0.450294	0.429791	0.205791	0.765205
Random404	0.476933	0.463928	0.194568	0.760574
Random405	0.447765	0.426322	0.207601	0.691252
Random406	0.370829	0.348052	0.161955	0.737276
Random407	0.417986	0.393483	0.161272	0.731981
Random408	0.490155	0.471417	0.200555	0.727806
Random409	0.387686	0.364862	0.184014	0.692352
Random410	0.374542	0.358422	0.130546	0.764913
Random411	0.47406	0.457681	0.218884	0.741712
Random412	0.487404	0.474186	0.160552	0.746548
Random413	0.394515	0.368721	0.211561	0.720688
Random414	0.458974	0.440281	0.18593	0.759768
Random415	0.423949	0.399627	0.163081	0.73577
Random416	0.490628	0.459561	0.224694	0.757606
Random417	0.442092	0.425905	0.150202	0.704188
Random418	0.46257	0.446514	0.171375	0.766181
Random419	0.407572	0.392599	0.16807	0.712744
Random420	0.461029	0.433579	0.191488	0.646634
Random421	0.443716	0.422865	0.195483	0.715662
Random422	0.398373	0.373916	0.179927	0.737644
Random423	0.452097	0.437963	0.155506	0.713826
Random424	0.430474	0.407439	0.205142	0.725144
Random425	0.490657	0.469257	0.216197	0.765643
Random426	0.436645	0.414489	0.184889	0.75497
Random427	0.389904	0.356636	0.173447	0.70848
Random428	0.405796	0.386313	0.15152	0.750754
Random429	0.38649	0.361579	0.173293	0.758179
Random430	0.364795	0.337845	0.158755	0.725051
Random431	0.508369	0.486448	0.223397	0.750888
Random432	0.504289	0.49317	0.19171	0.720091
Random433	0.442432	0.419177	0.189288	0.736827
Random434	0.452576	0.430066	0.183196	0.73922
Random435	0.516961	0.498406	0.181179	0.714526
Random436	0.434211	0.42066	0.159188	0.766741
Random437	0.42378	0.407086	0.1597	0.732155
Random438	0.450989	0.426584	0.186284	0.729845
Random439	0.439403	0.424757	0.136952	0.778938
Random440	0.480272	0.459127	0.214023	0.73842
Random441	0.481381	0.460704	0.193382	0.764726
Random442	0.437294	0.409062	0.212174	0.728678
Random443	0.487042	0.471456	0.163809	0.740301
Random444	0.462068	0.444217	0.163439	0.715463
Random445	0.415672	0.397615	0.174092	0.768404
Random446	0.45415	0.434674	0.187953	0.753113
Random447	0.408394	0.392955	0.175991	0.684369
Random448	0.4493	0.421704	0.197181	0.726436
Random449	0.399895	0.383232	0.137635	0.7455
Random450	0.476838	0.459055	0.17617	0.740794
Random451	0.429004	0.407599	0.18852	0.748127
Random452	0.474867	0.463898	0.185342	0.78325
Random453	0.461763	0.433833	0.184654	0.724629
Random454	0.358952	0.330841	0.218644	0.682128
Random455	0.448985	0.421527	0.197908	0.747275
Random456	0.381427	0.364629	0.134509	0.725099
Random457	0.405285	0.37959	0.206696	0.721625
Random458	0.411942	0.384746	0.20079	0.710857
Random459	0.391823	0.366018	0.182103	0.643108
Random460	0.484727	0.471445	0.166343	0.695553
Random461	0.469526	0.456371	0.168376	0.74791
Random462	0.389184	0.361756	0.180121	0.762267
Random463	0.457166	0.434781	0.207902	0.721891
Random464	0.464817	0.448924	0.182834	0.761402
Random465	0.450436	0.423993	0.178316	0.751242
Random466	0.45683	0.426322	0.198821	0.730091
Random467	0.425681	0.401371	0.185488	0.732727
Random468	0.329874	0.28446	0.210552	0.725432
Random469	0.498504	0.48478	0.180395	0.736973
Random470	0.42078	0.400905	0.185944	0.741373
Random471	0.477286	0.467975	0.151337	0.763868
Random472	0.493005	0.482874	0.152295	0.776392
Random473	0.534945	0.521022	0.225867	0.770158
Random474	0.461322	0.446799	0.200099	0.730992
Random475	0.407838	0.386398	0.162404	0.736785
Random476	0.558391	0.540031	0.207672	0.744427
Random477	0.522683	0.508173	0.205283	0.770422
Random478	0.414162	0.38532	0.165193	0.695079
Random479	0.414341	0.389854	0.178327	0.751364
Random480	0.428979	0.400979	0.212574	0.735761
Random481	0.359767	0.341158	0.122567	0.778016
Random482	0.422041	0.409088	0.215781	0.750202
Random483	0.42679	0.403929	0.181831	0.723372
Random484	0.446049	0.425179	0.184925	0.702819
Random485	0.450581	0.418018	0.194881	0.707842
Random486	0.42862	0.413104	0.167406	0.740843
Random487	0.424769	0.409874	0.126566	0.727116
Random488	0.440361	0.413761	0.185627	0.749559
Random489	0.43388	0.416032	0.15718	0.727733
Random490	0.496572	0.471701	0.189749	0.735658
Random491	0.469818	0.458879	0.206833	0.734646
Random492	0.4811	0.454538	0.2128	0.718577
Random493	0.325184	0.310681	0.114995	0.763783
Random494	0.40552	0.392084	0.159695	0.770261
Random495	0.40767	0.390378	0.168114	0.696476
Random496	0.496666	0.464522	0.217346	0.748522
Random497	0.470358	0.450919	0.180011	0.732042
Random498	0.464898	0.446116	0.181491	0.726176
Random499	0.411866	0.379937	0.232178	0.738751
Random500	0.462192	0.441601	0.188114	0.738277
P-value for R to R': 0.372
