Protein	A	A'	A''	var for A'
0	67031	19040.5	9545.24	9.01596e+07
1	26277	359097	85437.9	1.55614e+10
1	26277	50	85437.9	1.55614e+10
1	26277	50	85437.9	1.55614e+10
1	26277	66828.1	85437.9	1.55614e+10
1	26277	43301.5	85437.9	1.55614e+10
1	26277	43301.5	85437.9	1.55614e+10
2	99337	68915.7	68915.7	0
3	50606	50	37137.8	1.37551e+09
3	50606	74225.6	37137.8	1.37551e+09
4	29286	50	50	0
4	29286	50	50	0
4	29286	50	50	0
4	29286	50	50	0
4	29286	50	50	0
4	29286	50	50	0
4	29286	50	50	0
4	29286	50	50	0
4	29286	50	50	0
4	29286	50	50	0
5	1000	420020	420020	0
6	28070	50	50	0
7	5593	50	50	0
8	30423	29380.5	21630.9	3.1898e+08
8	30423	43287.8	21630.9	3.1898e+08
8	30423	1501.52	21630.9	3.1898e+08
8	30423	1501.52	21630.9	3.1898e+08
8	30423	1501.52	21630.9	3.1898e+08
8	30423	39155.6	21630.9	3.1898e+08
8	30423	35087.9	21630.9	3.1898e+08
9	1227	45377.5	45402.5	625
9	1227	45427.5	45402.5	625
10	1.0105e+06	1.0105e+06	1.0105e+06	0
11	8461	25455.5	25455.5	0
12	180641	24834.5	31844.9	4.9145e+07
12	180641	38855.2	31844.9	4.9145e+07
13	198129	78543.8	78543.8	0
14	113	43872.7	21961.4	4.80108e+08
14	113	43872.7	21961.4	4.80108e+08
14	113	50	21961.4	4.80108e+08
14	113	50	21961.4	4.80108e+08
15	2459	50	50461.8	1.26916e+10
15	2459	50	50461.8	1.26916e+10
15	2459	50	50461.8	1.26916e+10
15	2459	200	50461.8	1.26916e+10
15	2459	302371	50461.8	1.26916e+10
15	2459	50	50461.8	1.26916e+10
16	1000	64361.5	64361.5	0
17	92675	41119	28820	1.46187e+08
17	92675	20888.7	28820	1.46187e+08
17	92675	26958	28820	1.46187e+08
17	92675	34105.8	28820	1.46187e+08
17	92675	34105.8	28820	1.46187e+08
17	92675	51608.3	28820	1.46187e+08
17	92675	29409.1	28820	1.46187e+08
17	92675	32896.6	28820	1.46187e+08
17	92675	26698.7	28820	1.46187e+08
17	92675	38905.2	28820	1.46187e+08
17	92675	26958	28820	1.46187e+08
17	92675	26958	28820	1.46187e+08
17	92675	50	28820	1.46187e+08
17	92675	50	28820	1.46187e+08
17	92675	34306.1	28820	1.46187e+08
18	2074	100	100	0
18	2074	100	100	0
19	315	41937.3	41937.3	0
20	72354	85194.2	45672.6	9.52194e+08
21	1472	7708.92	13399.7	3.2385e+07
21	1472	19090.5	13399.7	3.2385e+07
22	1845	567.083	146.343	22370.9
22	1845	100	146.343	22370.9
22	1845	100	146.343	22370.9
22	1845	100	146.343	22370.9
22	1845	100	146.343	22370.9
22	1845	100	146.343	22370.9
22	1845	100	146.343	22370.9
22	1845	100	146.343	22370.9
22	1845	50	146.343	22370.9
23	1531	14593.1	4731.18	5.06179e+07
23	1531	14593.1	4731.18	5.06179e+07
23	1531	1708.66	4731.18	5.06179e+07
23	1531	1708.66	4731.18	5.06179e+07
23	1531	1708.66	4731.18	5.06179e+07
23	1531	636.616	4731.18	5.06179e+07
23	1531	636.616	4731.18	5.06179e+07
24	1707	34341.1	14586.8	2.62316e+08
24	1707	34341.1	14586.8	2.62316e+08
24	1707	100	14586.8	2.62316e+08
24	1707	4101.99	14586.8	2.62316e+08
25	69294	13519.5	8536.97	8.43096e+07
25	69294	50	8536.97	8.43096e+07
25	69294	13519.5	8536.97	8.43096e+07
25	69294	24032.8	8536.97	8.43096e+07
25	69294	50	8536.97	8.43096e+07
25	69294	50	8536.97	8.43096e+07
26	628016	349118	312244	5.65746e+09
26	628016	349118	312244	5.65746e+09
26	628016	368084	312244	5.65746e+09
26	628016	182658	312244	5.65746e+09
27	131924	305882	305882	0
28	387	37277.6	59007.5	1.77455e+08
28	387	62594	59007.5	1.77455e+08
28	387	62594	59007.5	1.77455e+08
29	4110	50	222.361	59416.7
29	4110	50	222.361	59416.7
30	146936	320894	320894	0
31	1.09936e+07	2.83028e+06	2.83028e+06	0
32	170516	37262.8	32197.4	6.58258e+08
32	170516	37262.8	32197.4	6.58258e+08
32	170516	88212.8	32197.4	6.58258e+08
32	170516	20864.4	32197.4	6.58258e+08
32	170516	50	32197.4	6.58258e+08
32	170516	20864.4	32197.4	6.58258e+08
32	170516	20864.4	32197.4	6.58258e+08
33	325020	212494	106912	5.64198e+09
33	325020	50	106912	5.64198e+09
33	325020	107551	106912	5.64198e+09
33	325020	107551	106912	5.64198e+09
34	244496	289538	104156	1.21269e+10
34	244496	50	104156	1.21269e+10
35	838	13201.2	13201.2	0
36	544669	577750	389377	1.33534e+10
36	544669	358475	389377	1.33534e+10
36	544669	358475	389377	1.33534e+10
36	544669	262810	389377	1.33534e+10
37	242167	2.83058e+06	1.43686e+06	6.54484e+11
37	242167	1.04061e+06	1.43686e+06	6.54484e+11
37	242167	1.04061e+06	1.43686e+06	6.54484e+11
38	58855	211494	53011	8.3723e+09
38	58855	250	53011	8.3723e+09
38	58855	250	53011	8.3723e+09
39	31107	220159	70778.8	8.09556e+09
39	31107	50	70778.8	8.09556e+09
39	31107	50	70778.8	8.09556e+09
40	49266	31588.9	23704.2	1.86507e+08
40	49266	31588.9	23704.2	1.86507e+08
40	49266	31588.9	23704.2	1.86507e+08
41	7259	37211.9	44700.1	1.1997e+08
41	7259	40883.7	44700.1	1.1997e+08
42	5982	11611.3	11611.3	0
43	1787	7416.32	7416.32	0
44	158	5787.32	5787.32	0
45	448	50	4566.65	2.00472e+07
45	448	50	4566.65	2.00472e+07
46	69601	12899.8	17284.1	1.77189e+08
46	69601	29982.9	17284.1	1.77189e+08
47	3801	50	75	625
48	5423	7146.63	20084.8	2.85462e+08
48	5423	45794.5	20084.8	2.85462e+08
48	5423	2930.8	20084.8	2.85462e+08
49	299893	179570	136982	1.70186e+09
50	4198	84126.8	52950.4	4.85985e+08
51	68671	99092.3	99092.3	0
52	1.67501e+06	1.01675e+06	687625	1.08326e+11
53	35757	227755	40521.5	4.86435e+09
53	35757	62943.3	40521.5	4.86435e+09
54	27800	150	150	0
55	11288	98267.1	98267.1	0
56	1000	202391	173398	1.68119e+09
56	1000	202391	173398	1.68119e+09
57	111966	50	48605.5	9.57544e+08
58	7565	2625.39	7351.72	2.03147e+07
59	1220	184158	72620.8	2.27706e+09
60	59	43860.7	65761.6	4.79648e+08
61	106531	93070.4	86340.1	4.52969e+07
62	167890	167890	167890	0
63	3.29876e+06	1.42166e+06	1.42166e+06	0
64	24665	86853	28984.3	1.67439e+09
65	358430	358430	358430	0
66	72580	26347.7	19812.3	2.01639e+08
67	77223	142618	194635	4.09618e+10
68	4220	50	75	625
69	835	45653.7	46393.2	4.5659e+08
69	835	28803.2	46393.2	4.5659e+08
66	72580	100	19812.3	2.01639e+08
66	72580	32989.2	19812.3	2.01639e+08
67	77223	50	194635	4.09618e+10
67	77223	533426	194635	4.09618e+10
70	4809	50	50	0
68	4220	100	75	625
69	835	92616.9	46393.2	4.5659e+08
69	835	34728.8	46393.2	4.5659e+08
0	67031	50	9545.24	9.01596e+07
34	244496	63518.1	104156	1.21269e+10
34	244496	63518.1	104156	1.21269e+10
71	89412	50	9972.43	1.96909e+08
71	89412	50	9972.43	1.96909e+08
71	89412	29817.3	9972.43	1.96909e+08
72	392	215303	215303	0
73	96	142768	142768	0
74	32806	77897.2	77897.2	0
75	1000	2026.44	619.11	660192
76	3278	10270.3	12815.4	1.94322e+07
76	3278	10270.3	12815.4	1.94322e+07
76	3278	10270.3	12815.4	1.94322e+07
76	3278	20450.6	12815.4	1.94322e+07
77	6520	54233.5	54233.5	0
78	112170	30901.8	11331.5	1.90669e+08
78	112170	150	11331.5	1.90669e+08
78	112170	150	11331.5	1.90669e+08
78	112170	150	11331.5	1.90669e+08
79	513	229533	172278	3.27814e+09
69	835	41827.8	46393.2	4.5659e+08
69	835	34728.8	46393.2	4.5659e+08
80	1823	48703.8	16479.5	1.45563e+08
80	1823	22702.7	16479.5	1.45563e+08
80	1823	22702.7	16479.5	1.45563e+08
80	1823	5678.11	16479.5	1.45563e+08
80	1823	11866	16479.5	1.45563e+08
80	1823	11866	16479.5	1.45563e+08
80	1823	5678.11	16479.5	1.45563e+08
80	1823	11866	16479.5	1.45563e+08
80	1823	11866	16479.5	1.45563e+08
81	1000	50	9410.21	1.37942e+08
81	1000	50	9410.21	1.37942e+08
81	1000	8737.66	9410.21	1.37942e+08
80	1823	11866	16479.5	1.45563e+08
82	785	1.1942e+06	852357	1.16857e+11
83	63095	50	50	0
83	63095	50	50	0
84	59816	50	50	0
84	59816	50	50	0
84	59816	50	50	0
24	1707	50	14586.8	2.62316e+08
85	24164	50	50	0
52	1.67501e+06	358497	687625	1.08326e+11
59	1220	72584.2	72620.8	2.27706e+09
86	22271	50	693.638	414270
86	22271	50	693.638	414270
86	22271	1337.28	693.638	414270
87	139990	139990	139990	0
87	139990	139990	139990	0
87	139990	139990	139990	0
17	92675	29380.5	28820	1.46187e+08
88	89628	45477.5	45452.5	625
88	89628	45427.5	45452.5	625
89	1000	100	75	625
89	1000	50	75	625
59	1220	43137.8	72620.8	2.27706e+09
90	100897	34987.9	51465.2	2.71501e+08
41	7259	37211.9	44700.1	1.1997e+08
91	646	646	646	0
90	100897	67942.4	51465.2	2.71501e+08
78	112170	25305.5	11331.5	1.90669e+08
59	1220	78643.8	72620.8	2.27706e+09
92	4333	100	100	0
37	242167	835647	1.43686e+06	6.54484e+11
38	58855	50	53011	8.3723e+09
39	31107	62856.5	70778.8	8.09556e+09
17	92675	32180.8	28820	1.46187e+08
17	92675	32180.8	28820	1.46187e+08
20	72354	9886.14	45672.6	9.52194e+08
93	923	50	50	0
23	1531	50	4731.18	5.06179e+07
23	1531	50	4731.18	5.06179e+07
23	1531	50	4731.18	5.06179e+07
23	1531	50	4731.18	5.06179e+07
23	1531	20988.7	4731.18	5.06179e+07
40	49266	50	23704.2	1.86507e+08
45	448	9895.64	4566.65	2.00472e+07
45	448	9895.64	4566.65	2.00472e+07
94	16715	8687.66	5115.15	1.35488e+07
46	69601	496.902	17284.1	1.77189e+08
46	69601	496.902	17284.1	1.77189e+08
46	69601	29914	17284.1	1.77189e+08
46	69601	29914	17284.1	1.77189e+08
95	5957	29359.1	14729.6	2.14024e+08
49	299893	95739.5	136982	1.70186e+09
50	4198	37362.2	52950.4	4.85985e+08
50	4198	37362.2	52950.4	4.85985e+08
96	26455	50	15602.6	2.04561e+08
96	26455	38604.9	15602.6	2.04561e+08
97	1000	50	50	0
97	1000	50	50	0
57	111966	81124	48605.5	9.57544e+08
98	201741	125188	125188	0
99	31869	50	50	0
99	31869	50	50	0
99	31869	50	50	0
99	31869	50	50	0
61	106531	79609.8	86340.1	4.52969e+07
20	72354	41937.3	45672.6	9.52194e+08
58	7565	7708.92	7351.72	2.03147e+07
100	1818	50	50	0
29	4110	567.083	222.361	59416.7
101	1060	26939.1	26939.1	0
102	121760	74046.5	74046.5	0
28	387	73564.4	59007.5	1.77455e+08
48	5423	24467.4	20084.8	2.85462e+08
49	299893	176879	136982	1.70186e+09
57	111966	68592.6	48605.5	9.57544e+08
58	7565	16126.3	7351.72	2.03147e+07
58	7565	16126.3	7351.72	2.03147e+07
103	144	131549	131549	0
60	59	87662.5	65761.6	4.79648e+08
75	1000	150	619.11	660192
75	1000	150	619.11	660192
75	1000	150	619.11	660192
53	35757	35536	40521.5	4.86435e+09
56	1000	115412	173398	1.68119e+09
96	26455	8754.85	15602.6	2.04561e+08
58	7565	4359.86	7351.72	2.03147e+07
58	7565	4359.86	7351.72	2.03147e+07
104	65438	25236.7	27681.7	5.97794e+06
82	785	510514	852357	1.16857e+11
105	135833	85803.8	85803.8	0
106	954	100	100	0
107	12568	13201.2	19699.5	4.2227e+07
108	27128	100	100	0
108	27128	100	100	0
109	1000	100	155002	2.39947e+10
109	1000	309905	155002	2.39947e+10
110	10058	100	35629.2	2.52465e+09
110	10058	100	35629.2	2.52465e+09
110	10058	106688	35629.2	2.52465e+09
53	35757	50	40521.5	4.86435e+09
53	35757	50	40521.5	4.86435e+09
53	35757	50	40521.5	4.86435e+09
53	35757	50	40521.5	4.86435e+09
53	35757	50	40521.5	4.86435e+09
111	400730	50	50	0
112	3425	50	50	0
112	3425	50	50	0
112	3425	50	50	0
112	3425	50	50	0
58	7565	50	7351.72	2.03147e+07
58	7565	6260.36	7351.72	2.03147e+07
58	7565	6260.36	7351.72	2.03147e+07
58	7565	6260.36	7351.72	2.03147e+07
58	7565	6260.36	7351.72	2.03147e+07
113	248	50	50	0
113	248	50	50	0
114	1000	1.0054e+06	1.39869e+06	1.54674e+11
114	1000	1.79197e+06	1.39869e+06	1.54674e+11
115	1000	50	65727.4	1.29406e+10
115	1000	262760	65727.4	1.29406e+10
115	1000	50	65727.4	1.29406e+10
115	1000	50	65727.4	1.29406e+10
58	7565	6260.36	7351.72	2.03147e+07
96	26455	15000.7	15602.6	2.04561e+08
116	93628	79766.1	79766.1	0
53	35757	38209.2	40521.5	4.86435e+09
45	448	2941.99	4566.65	2.00472e+07
94	16715	6607.78	5115.15	1.35488e+07
117	2060	17291.6	24245.3	2.41766e+07
58	7565	12899.8	7351.72	2.03147e+07
59	1220	45794.5	72620.8	2.27706e+09
118	94096	44066.8	44066.8	0
59	1220	42013.4	72620.8	2.27706e+09
59	1220	42013.4	72620.8	2.27706e+09
100	1818	50	50	0
119	589879	502900	502900	0
120	241307	50	50	0
64	24665	50	28984.3	1.67439e+09
64	24665	50	28984.3	1.67439e+09
121	768	50	75	625
107	12568	26197.7	19699.5	4.2227e+07
122	460	100	100	0
81	1000	28803.2	9410.21	1.37942e+08
58	7565	7365.94	7351.72	2.03147e+07
79	513	115023	172278	3.27814e+09
123	1000	1.81526e+06	1.81526e+06	0
41	7259	63492.9	44700.1	1.1997e+08
86	22271	1337.28	693.638	414270
124	27673	30861	30861	0
125	1000	100	100	0
126	72034	24320.5	24320.5	0
47	3801	100	75	625
121	768	100	75	625
104	65438	30126.7	27681.7	5.97794e+06
67	77223	102447	194635	4.09618e+10
49	299893	95739.5	136982	1.70186e+09
95	5957	100	14729.6	2.14024e+08
57	111966	44655.4	48605.5	9.57544e+08
94	16715	50	5115.15	1.35488e+07
117	2060	27722.1	24245.3	2.41766e+07
117	2060	27722.1	24245.3	2.41766e+07
