This file contains any messages produced by compilers while
running configure, to aid debugging if configure makes a mistake.

It was created by ma27 configure 1.0.0, which was
generated by GNU Autoconf 2.68.  Invocation command line was

  $ ./configure 

## --------- ##
## Platform. ##
## --------- ##

hostname = Margarets-MacBook-Pro.local
uname -m = x86_64
uname -r = 18.6.0
uname -s = Darwin
uname -v = Darwin Kernel Version 18.6.0: Thu Apr 25 23:16:27 PDT 2019; root:xnu-4903.261.4~2/RELEASE_X86_64

/usr/bin/uname -p = i386
/bin/uname -X     = unknown

/bin/arch              = unknown
/usr/bin/arch -k       = unknown
/usr/convex/getsysinfo = unknown
/usr/bin/hostinfo      = Mach kernel version:
	 Darwin Kernel Version 18.6.0: Thu Apr 25 23:16:27 PDT 2019; root:xnu-4903.261.4~2/RELEASE_X86_64
Kernel configured for up to 8 processors.
4 processors are physically available.
8 processors are logically available.
Processor type: x86_64h (Intel x86-64h Haswell)
Processors active: 0 1 2 3 4 5 6 7
Primary memory available: 8.00 gigabytes
Default processor set: 392 tasks, 1858 threads, 8 processors
Load average: 2.29, Mach factor: 5.70
/bin/machine           = unknown
/usr/bin/oslevel       = unknown
/bin/universe          = unknown

PATH: /opt/local/bin
PATH: /opt/local/sbin
PATH: /usr/local/bin
PATH: /usr/bin
PATH: /bin
PATH: /usr/sbin
PATH: /sbin


## ----------- ##
## Core tests. ##
## ----------- ##

configure:1897: checking for a BSD-compatible install
configure:1965: result: /usr/bin/install -c
configure:1976: checking whether build environment is sane
configure:2026: result: yes
configure:2167: checking for a thread-safe mkdir -p
configure:2206: result: ./install-sh -c -d
configure:2219: checking for gawk
configure:2249: result: no
configure:2219: checking for mawk
configure:2249: result: no
configure:2219: checking for nawk
configure:2249: result: no
configure:2219: checking for awk
configure:2235: found /usr/bin/awk
configure:2246: result: awk
configure:2257: checking whether make sets $(MAKE)
configure:2279: result: yes
configure:2414: checking for g77
configure:2444: result: no
configure:2414: checking for xlf
configure:2444: result: no
configure:2414: checking for f77
configure:2444: result: no
configure:2414: checking for frt
configure:2444: result: no
configure:2414: checking for pgf77
configure:2444: result: no
configure:2414: checking for cf77
configure:2444: result: no
configure:2414: checking for fort77
configure:2444: result: no
configure:2414: checking for fl32
configure:2444: result: no
configure:2414: checking for af77
configure:2444: result: no
configure:2414: checking for xlf90
configure:2444: result: no
configure:2414: checking for f90
configure:2444: result: no
configure:2414: checking for pgf90
configure:2444: result: no
configure:2414: checking for pghpf
configure:2444: result: no
configure:2414: checking for epcf90
configure:2444: result: no
configure:2414: checking for gfortran
configure:2430: found /opt/local/bin/gfortran
configure:2441: result: gfortran
configure:2467: checking for Fortran 77 compiler version
configure:2476: gfortran --version >&5
GNU Fortran (MacPorts gcc10 10.1.0_0) 10.1.0
Copyright (C) 2020 Free Software Foundation, Inc.
This is free software; see the source for copying conditions.  There is NO
warranty; not even for MERCHANTABILITY or FITNESS FOR A PARTICULAR PURPOSE.

configure:2487: $? = 0
configure:2476: gfortran -v >&5
Using built-in specs.
COLLECT_GCC=gfortran
COLLECT_LTO_WRAPPER=/opt/local/libexec/gcc/x86_64-apple-darwin18/10.1.0/lto-wrapper
Target: x86_64-apple-darwin18
Configured with: /opt/local/var/macports/build/_opt_bblocal_var_buildworker_ports_build_ports_lang_gcc10/gcc10/work/gcc-10.1.0/configure --prefix=/opt/local --build=x86_64-apple-darwin18 --enable-languages=c,c++,objc,obj-c++,lto,fortran --libdir=/opt/local/lib/gcc10 --includedir=/opt/local/include/gcc10 --infodir=/opt/local/share/info --mandir=/opt/local/share/man --datarootdir=/opt/local/share/gcc-10 --with-local-prefix=/opt/local --with-system-zlib --disable-nls --program-suffix=-mp-10 --with-gxx-include-dir=/opt/local/include/gcc10/c++/ --with-gmp=/opt/local --with-mpfr=/opt/local --with-mpc=/opt/local --with-isl=/opt/local --enable-stage1-checking --disable-multilib --enable-lto --enable-libstdcxx-time --with-build-config=bootstrap-debug --with-as=/opt/local/bin/as --with-ld=/opt/local/bin/ld --with-ar=/opt/local/bin/ar --with-bugurl=https://trac.macports.org/newticket --disable-tls --with-pkgversion='MacPorts gcc10 10.1.0_0' --with-sysroot=/Library/Developer/CommandLineTools/SDKs/MacOSX10.14.sdk
Thread model: posix
Supported LTO compression algorithms: zlib
gcc version 10.1.0 (MacPorts gcc10 10.1.0_0) 
configure:2487: $? = 0
configure:2476: gfortran -V >&5
gfortran: error: unrecognized command-line option '-V'
gfortran: fatal error: no input files
compilation terminated.
configure:2487: $? = 1
configure:2476: gfortran -qversion >&5
gfortran: error: unrecognized command-line option '-qversion'; did you mean '--version'?
gfortran: fatal error: no input files
compilation terminated.
configure:2487: $? = 1
configure:2502: checking whether the Fortran 77 compiler works
configure:2524: gfortran   conftest.f  >&5
configure:2528: $? = 0
configure:2576: result: yes
configure:2579: checking for Fortran 77 compiler default output file name
configure:2581: result: a.out
configure:2587: checking for suffix of executables
configure:2594: gfortran -o conftest   conftest.f  >&5
configure:2598: $? = 0
configure:2620: result: 
configure:2636: checking whether we are cross compiling
configure:2644: gfortran -o conftest   conftest.f  >&5
configure:2648: $? = 0
configure:2655: ./conftest
configure:2659: $? = 0
configure:2674: result: no
configure:2679: checking for suffix of object files
configure:2695: gfortran -c  conftest.f >&5
configure:2699: $? = 0
configure:2720: result: o
configure:2728: checking whether we are using the GNU Fortran 77 compiler
configure:2741: gfortran -c  conftest.F >&5
configure:2741: $? = 0
configure:2750: result: yes
configure:2756: checking whether gfortran accepts -g
configure:2767: gfortran -c -g conftest.f >&5
configure:2767: $? = 0
configure:2775: result: yes
configure:2857: checking for gfortran
configure:2873: found /opt/local/bin/gfortran
configure:2884: result: gfortran
configure:2910: checking for Fortran compiler version
configure:2919: gfortran --version >&5
GNU Fortran (MacPorts gcc10 10.1.0_0) 10.1.0
Copyright (C) 2020 Free Software Foundation, Inc.
This is free software; see the source for copying conditions.  There is NO
warranty; not even for MERCHANTABILITY or FITNESS FOR A PARTICULAR PURPOSE.

configure:2930: $? = 0
configure:2919: gfortran -v >&5
Using built-in specs.
COLLECT_GCC=gfortran
COLLECT_LTO_WRAPPER=/opt/local/libexec/gcc/x86_64-apple-darwin18/10.1.0/lto-wrapper
Target: x86_64-apple-darwin18
Configured with: /opt/local/var/macports/build/_opt_bblocal_var_buildworker_ports_build_ports_lang_gcc10/gcc10/work/gcc-10.1.0/configure --prefix=/opt/local --build=x86_64-apple-darwin18 --enable-languages=c,c++,objc,obj-c++,lto,fortran --libdir=/opt/local/lib/gcc10 --includedir=/opt/local/include/gcc10 --infodir=/opt/local/share/info --mandir=/opt/local/share/man --datarootdir=/opt/local/share/gcc-10 --with-local-prefix=/opt/local --with-system-zlib --disable-nls --program-suffix=-mp-10 --with-gxx-include-dir=/opt/local/include/gcc10/c++/ --with-gmp=/opt/local --with-mpfr=/opt/local --with-mpc=/opt/local --with-isl=/opt/local --enable-stage1-checking --disable-multilib --enable-lto --enable-libstdcxx-time --with-build-config=bootstrap-debug --with-as=/opt/local/bin/as --with-ld=/opt/local/bin/ld --with-ar=/opt/local/bin/ar --with-bugurl=https://trac.macports.org/newticket --disable-tls --with-pkgversion='MacPorts gcc10 10.1.0_0' --with-sysroot=/Library/Developer/CommandLineTools/SDKs/MacOSX10.14.sdk
Thread model: posix
Supported LTO compression algorithms: zlib
gcc version 10.1.0 (MacPorts gcc10 10.1.0_0) 
configure:2930: $? = 0
configure:2919: gfortran -V >&5
gfortran: error: unrecognized command-line option '-V'
gfortran: fatal error: no input files
compilation terminated.
configure:2930: $? = 1
configure:2919: gfortran -qversion >&5
gfortran: error: unrecognized command-line option '-qversion'; did you mean '--version'?
gfortran: fatal error: no input files
compilation terminated.
configure:2930: $? = 1
configure:2939: checking whether we are using the GNU Fortran compiler
configure:2952: gfortran -c   conftest.F >&5
configure:2952: $? = 0
configure:2961: result: yes
configure:2967: checking whether gfortran accepts -g
configure:2978: gfortran -c -g  conftest.f >&5
configure:2978: $? = 0
configure:2986: result: yes
configure:3058: checking for gcc
configure:3074: found /usr/bin/gcc
configure:3085: result: gcc
configure:3314: checking for C compiler version
configure:3323: gcc --version >&5
Apple LLVM version 10.0.1 (clang-1001.0.46.4)
Target: x86_64-apple-darwin18.6.0
Thread model: posix
InstalledDir: /Library/Developer/CommandLineTools/usr/bin
Configured with: --prefix=/Library/Developer/CommandLineTools/usr --with-gxx-include-dir=/Library/Developer/CommandLineTools/SDKs/MacOSX10.14.sdk/usr/include/c++/4.2.1
configure:3334: $? = 0
configure:3323: gcc -v >&5
Configured with: --prefix=/Library/Developer/CommandLineTools/usr --with-gxx-include-dir=/Library/Developer/CommandLineTools/SDKs/MacOSX10.14.sdk/usr/include/c++/4.2.1
Apple LLVM version 10.0.1 (clang-1001.0.46.4)
Target: x86_64-apple-darwin18.6.0
Thread model: posix
InstalledDir: /Library/Developer/CommandLineTools/usr/bin
configure:3334: $? = 0
configure:3323: gcc -V >&5
clang: error: unsupported option '-V -Wno-atomic-implicit-seq-cst'
clang: error: no input files
configure:3334: $? = 1
configure:3323: gcc -qversion >&5
clang: error: unknown argument '-qversion', did you mean '--version'?
clang: error: no input files
configure:3334: $? = 1
configure:3338: checking whether we are using the GNU C compiler
configure:3357: gcc -c   conftest.c >&5
configure:3357: $? = 0
configure:3366: result: yes
configure:3375: checking whether gcc accepts -g
configure:3395: gcc -c -g  conftest.c >&5
configure:3395: $? = 0
configure:3436: result: yes
configure:3453: checking for gcc option to accept ISO C89
configure:3517: gcc  -c -g -O2  conftest.c >&5
configure:3517: $? = 0
configure:3530: result: none needed
configure:3561: checking for style of include used by make
configure:3589: result: GNU
configure:3614: checking dependency style of gcc
configure:3724: result: none
configure:3782: checking for ranlib
configure:3798: found /opt/local/bin/ranlib
configure:3809: result: ranlib
configure:3838: checking how to get verbose linking output from gfortran
configure:3848: gfortran -c -g -O2  conftest.f >&5
configure:3848: $? = 0
configure:3866: gfortran -o conftest -g -O2 -v conftest.f
Using built-in specs.
Target: x86_64-apple-darwin18
Thread model: posix
Supported LTO compression algorithms: zlib
gcc version 10.1.0 (MacPorts gcc10 10.1.0_0) 
 /opt/local/libexec/gcc/x86_64-apple-darwin18/10.1.0/f951 conftest.f -ffixed-form -fPIC -feliminate-unused-debug-symbols -quiet -dumpbase conftest.f -mmacosx-version-min=10.14.0 -mtune=core2 -auxbase conftest -g -O2 -version -fintrinsic-modules-path /opt/local/lib/gcc10/gcc/x86_64-apple-darwin18/10.1.0/finclude -o /var/folders/k4/k4_l1r8d2t92kcfzp5s8gb7c0000gn/T//cc1xYGfR.s
GNU Fortran (MacPorts gcc10 10.1.0_0) version 10.1.0 (x86_64-apple-darwin18)
	compiled by GNU C version 10.1.0, GMP version 6.2.0, MPFR version 4.0.2, MPC version 1.1.0, isl version isl-0.22.1-GMP

GGC heuristics: --param ggc-min-expand=100 --param ggc-min-heapsize=131072
GNU Fortran2008 (MacPorts gcc10 10.1.0_0) version 10.1.0 (x86_64-apple-darwin18)
	compiled by GNU C version 10.1.0, GMP version 6.2.0, MPFR version 4.0.2, MPC version 1.1.0, isl version isl-0.22.1-GMP

GGC heuristics: --param ggc-min-expand=100 --param ggc-min-heapsize=131072
 /opt/local/bin/as -arch x86_64 -v -force_cpusubtype_ALL -mmacosx-version-min=10.14 -o /var/folders/k4/k4_l1r8d2t92kcfzp5s8gb7c0000gn/T//ccsdzy22.o /var/folders/k4/k4_l1r8d2t92kcfzp5s8gb7c0000gn/T//cc1xYGfR.s
Apple LLVM version 10.0.1 (clang-1001.0.46.4)
Target: x86_64-apple-darwin18.6.0
Thread model: posix
InstalledDir: /Library/Developer/CommandLineTools/usr/bin
 "/Library/Developer/CommandLineTools/usr/bin/clang" -cc1as -triple x86_64-apple-macosx10.14.0 -filetype obj -main-file-name cc1xYGfR.s -target-cpu penryn -fdebug-compilation-dir /Users/maggie/github/SB/StoichiometricBalance/ma27-1.0.0 -dwarf-debug-producer Apple LLVM version 10.0.1 (clang-1001.0.46.4) -dwarf-version=4 -mrelocation-model pic -o /var/folders/k4/k4_l1r8d2t92kcfzp5s8gb7c0000gn/T//ccsdzy22.o /var/folders/k4/k4_l1r8d2t92kcfzp5s8gb7c0000gn/T//cc1xYGfR.s
Reading specs from /opt/local/lib/gcc10/gcc/x86_64-apple-darwin18/10.1.0/../../../libgfortran.spec
rename spec lib to liborig
 /opt/local/libexec/gcc/x86_64-apple-darwin18/10.1.0/collect2 -syslibroot /Library/Developer/CommandLineTools/SDKs/MacOSX10.14.sdk/ -dynamic -arch x86_64 -macosx_version_min 10.14.0 -weak_reference_mismatches non-weak -o conftest -L/opt/local/lib/gcc10/gcc/x86_64-apple-darwin18/10.1.0 -L/opt/local/lib/gcc10/gcc/x86_64-apple-darwin18/10.1.0/../../.. /var/folders/k4/k4_l1r8d2t92kcfzp5s8gb7c0000gn/T//ccsdzy22.o -lgfortran -lSystem -lgcc_ext.10.5 -lgcc -lquadmath -lm -lgcc_ext.10.5 -lgcc -lSystem -no_compact_unwind -v -idsym -dsym
collect2 version 10.1.0
/opt/local/bin/ld -syslibroot /Library/Developer/CommandLineTools/SDKs/MacOSX10.14.sdk/ -dynamic -arch x86_64 -macosx_version_min 10.14.0 -weak_reference_mismatches non-weak -o conftest -L/opt/local/lib/gcc10/gcc/x86_64-apple-darwin18/10.1.0 -L/opt/local/lib/gcc10/gcc/x86_64-apple-darwin18/10.1.0/../../.. /var/folders/k4/k4_l1r8d2t92kcfzp5s8gb7c0000gn/T//ccsdzy22.o -lgfortran -lSystem -lgcc_ext.10.5 -lgcc -lquadmath -lm -lgcc_ext.10.5 -lgcc -lSystem -no_compact_unwind -v
@(#)PROGRAM:ld  PROJECT:ld64-450.3
BUILD 21:44:09 Feb  5 2020
configured to support archs: i386 x86_64 x86_64h armv6 armv7 armv7s armv7m armv7k arm64
Library search paths:
	/opt/local/lib/gcc10/gcc/x86_64-apple-darwin18/10.1.0
	/opt/local/lib/gcc10
	/Library/Developer/CommandLineTools/SDKs/MacOSX10.14.sdk/usr/lib
Framework search paths:
	/Library/Developer/CommandLineTools/SDKs/MacOSX10.14.sdk/System/Library/Frameworks/
dsymutil conftest
configure:3932: result: -v
configure:3934: checking for Fortran libraries of gfortran
configure:3957: gfortran -o conftest -g -O2 -v conftest.f
Using built-in specs.
Target: x86_64-apple-darwin18
Thread model: posix
Supported LTO compression algorithms: zlib
gcc version 10.1.0 (MacPorts gcc10 10.1.0_0) 
 /opt/local/libexec/gcc/x86_64-apple-darwin18/10.1.0/f951 conftest.f -ffixed-form -fPIC -feliminate-unused-debug-symbols -quiet -dumpbase conftest.f -mmacosx-version-min=10.14.0 -mtune=core2 -auxbase conftest -g -O2 -version -fintrinsic-modules-path /opt/local/lib/gcc10/gcc/x86_64-apple-darwin18/10.1.0/finclude -o /var/folders/k4/k4_l1r8d2t92kcfzp5s8gb7c0000gn/T//cc5XtiKR.s
GNU Fortran (MacPorts gcc10 10.1.0_0) version 10.1.0 (x86_64-apple-darwin18)
	compiled by GNU C version 10.1.0, GMP version 6.2.0, MPFR version 4.0.2, MPC version 1.1.0, isl version isl-0.22.1-GMP

GGC heuristics: --param ggc-min-expand=100 --param ggc-min-heapsize=131072
GNU Fortran2008 (MacPorts gcc10 10.1.0_0) version 10.1.0 (x86_64-apple-darwin18)
	compiled by GNU C version 10.1.0, GMP version 6.2.0, MPFR version 4.0.2, MPC version 1.1.0, isl version isl-0.22.1-GMP

GGC heuristics: --param ggc-min-expand=100 --param ggc-min-heapsize=131072
 /opt/local/bin/as -arch x86_64 -v -force_cpusubtype_ALL -mmacosx-version-min=10.14 -o /var/folders/k4/k4_l1r8d2t92kcfzp5s8gb7c0000gn/T//ccNbFpsk.o /var/folders/k4/k4_l1r8d2t92kcfzp5s8gb7c0000gn/T//cc5XtiKR.s
Apple LLVM version 10.0.1 (clang-1001.0.46.4)
Target: x86_64-apple-darwin18.6.0
Thread model: posix
InstalledDir: /Library/Developer/CommandLineTools/usr/bin
 "/Library/Developer/CommandLineTools/usr/bin/clang" -cc1as -triple x86_64-apple-macosx10.14.0 -filetype obj -main-file-name cc5XtiKR.s -target-cpu penryn -fdebug-compilation-dir /Users/maggie/github/SB/StoichiometricBalance/ma27-1.0.0 -dwarf-debug-producer Apple LLVM version 10.0.1 (clang-1001.0.46.4) -dwarf-version=4 -mrelocation-model pic -o /var/folders/k4/k4_l1r8d2t92kcfzp5s8gb7c0000gn/T//ccNbFpsk.o /var/folders/k4/k4_l1r8d2t92kcfzp5s8gb7c0000gn/T//cc5XtiKR.s
Reading specs from /opt/local/lib/gcc10/gcc/x86_64-apple-darwin18/10.1.0/../../../libgfortran.spec
rename spec lib to liborig
 /opt/local/libexec/gcc/x86_64-apple-darwin18/10.1.0/collect2 -syslibroot /Library/Developer/CommandLineTools/SDKs/MacOSX10.14.sdk/ -dynamic -arch x86_64 -macosx_version_min 10.14.0 -weak_reference_mismatches non-weak -o conftest -L/opt/local/lib/gcc10/gcc/x86_64-apple-darwin18/10.1.0 -L/opt/local/lib/gcc10/gcc/x86_64-apple-darwin18/10.1.0/../../.. /var/folders/k4/k4_l1r8d2t92kcfzp5s8gb7c0000gn/T//ccNbFpsk.o -lgfortran -lSystem -lgcc_ext.10.5 -lgcc -lquadmath -lm -lgcc_ext.10.5 -lgcc -lSystem -no_compact_unwind -v -idsym -dsym
collect2 version 10.1.0
/opt/local/bin/ld -syslibroot /Library/Developer/CommandLineTools/SDKs/MacOSX10.14.sdk/ -dynamic -arch x86_64 -macosx_version_min 10.14.0 -weak_reference_mismatches non-weak -o conftest -L/opt/local/lib/gcc10/gcc/x86_64-apple-darwin18/10.1.0 -L/opt/local/lib/gcc10/gcc/x86_64-apple-darwin18/10.1.0/../../.. /var/folders/k4/k4_l1r8d2t92kcfzp5s8gb7c0000gn/T//ccNbFpsk.o -lgfortran -lSystem -lgcc_ext.10.5 -lgcc -lquadmath -lm -lgcc_ext.10.5 -lgcc -lSystem -no_compact_unwind -v
@(#)PROGRAM:ld  PROJECT:ld64-450.3
BUILD 21:44:09 Feb  5 2020
configured to support archs: i386 x86_64 x86_64h armv6 armv7 armv7s armv7m armv7k arm64
Library search paths:
	/opt/local/lib/gcc10/gcc/x86_64-apple-darwin18/10.1.0
	/opt/local/lib/gcc10
	/Library/Developer/CommandLineTools/SDKs/MacOSX10.14.sdk/usr/lib
Framework search paths:
	/Library/Developer/CommandLineTools/SDKs/MacOSX10.14.sdk/System/Library/Frameworks/
dsymutil conftest
configure:4132: result:  -L/opt/local/lib/gcc10/gcc/x86_64-apple-darwin18/10.1.0 -L/opt/local/lib/gcc10/gcc/x86_64-apple-darwin18/10.1.0/../../.. -lgfortran -lquadmath -lm
configure:4146: checking fortran 90 modules inclusion flag
configure:4171: gfortran -c -g -O2  conftest.f >&5
conftest.f:1:2:

    1 | module conftest_module
      |  1
Error: Non-numeric character in statement label at (1)
conftest.f:2:5:

    2 |    contains
      |     1
Error: Non-numeric character in statement label at (1)
conftest.f:3:5:

    3 |    subroutine conftest_routine
      |     1
Error: Non-numeric character in statement label at (1)
conftest.f:4:5:

    4 |    write(*,'(a)') 'gotcha!'
      |     1
Error: Non-numeric character in statement label at (1)
conftest.f:5:5:

    5 |    end subroutine conftest_routine
      |     1
Error: Non-numeric character in statement label at (1)
conftest.f:6:5:

    6 |    end module conftest_module
      |     1
Error: Non-numeric character in statement label at (1)
configure:4171: $? = 1
configure: failed program was:
| module conftest_module
|    contains
|    subroutine conftest_routine
|    write(*,'(a)') 'gotcha!'
|    end subroutine conftest_routine
|    end module conftest_module
| 
configure:4188: gfortran -c -g -O2 -I tmpdir_0  conftest.f >&5
conftest.f:1:2:

    1 | program conftest_program
      |  1
Error: Non-numeric character in statement label at (1)
conftest.f:2:11:

    2 |        use conftest_module
      |           1
Fatal Error: Cannot open module file 'conftest_module.mod' for reading at (1): No such file or directory
compilation terminated.
configure:4188: $? = 1
configure: failed program was:
| program conftest_program
|        use conftest_module
|        call conftest_routine
|        end program conftest_program
| 
configure:4188: gfortran -c -g -O2 -Mtmpdir_0  conftest.f >&5
gfortran: error: unrecognized command-line option '-Mtmpdir_0'
configure:4188: $? = 1
configure: failed program was:
| program conftest_program
|        use conftest_module
|        call conftest_routine
|        end program conftest_program
| 
configure:4188: gfortran -c -g -O2 -ptmpdir_0  conftest.f >&5
gfortran: error: unrecognized command-line option '-ptmpdir_0'
configure:4188: $? = 1
configure: failed program was:
| program conftest_program
|        use conftest_module
|        call conftest_routine
|        end program conftest_program
| 
configure:4207: result: not found
configure:4381: creating ./config.status

## ---------------------- ##
## Running config.status. ##
## ---------------------- ##

This file was extended by ma27 config.status 1.0.0, which was
generated by GNU Autoconf 2.68.  Invocation command line was

  CONFIG_FILES    = 
  CONFIG_HEADERS  = 
  CONFIG_LINKS    = 
  CONFIG_COMMANDS = 
  $ ./config.status 

on Margarets-MacBook-Pro.local

config.status:789: creating Makefile
config.status:789: creating src/Makefile
config.status:789: creating example/Makefile
config.status:961: executing depfiles commands

## ---------------- ##
## Cache variables. ##
## ---------------- ##

ac_cv_c_compiler_gnu=yes
ac_cv_env_CC_set=
ac_cv_env_CC_value=
ac_cv_env_CFLAGS_set=
ac_cv_env_CFLAGS_value=
ac_cv_env_CPPFLAGS_set=
ac_cv_env_CPPFLAGS_value=
ac_cv_env_F77_set=
ac_cv_env_F77_value=
ac_cv_env_FCFLAGS_set=
ac_cv_env_FCFLAGS_value=
ac_cv_env_FC_set=
ac_cv_env_FC_value=
ac_cv_env_FFLAGS_set=
ac_cv_env_FFLAGS_value=
ac_cv_env_LDFLAGS_set=
ac_cv_env_LDFLAGS_value=
ac_cv_env_LIBS_set=
ac_cv_env_LIBS_value=
ac_cv_env_build_alias_set=
ac_cv_env_build_alias_value=
ac_cv_env_host_alias_set=
ac_cv_env_host_alias_value=
ac_cv_env_target_alias_set=
ac_cv_env_target_alias_value=
ac_cv_f77_compiler_gnu=yes
ac_cv_fc_compiler_gnu=yes
ac_cv_fc_libs=' -L/opt/local/lib/gcc10/gcc/x86_64-apple-darwin18/10.1.0 -L/opt/local/lib/gcc10/gcc/x86_64-apple-darwin18/10.1.0/../../.. -lgfortran -lquadmath -lm'
ac_cv_objext=o
ac_cv_path_install='/usr/bin/install -c'
ac_cv_prog_AWK=awk
ac_cv_prog_ac_ct_CC=gcc
ac_cv_prog_ac_ct_F77=gfortran
ac_cv_prog_ac_ct_FC=gfortran
ac_cv_prog_ac_ct_RANLIB=ranlib
ac_cv_prog_cc_c89=
ac_cv_prog_cc_g=yes
ac_cv_prog_f77_g=yes
ac_cv_prog_fc_g=yes
ac_cv_prog_fc_v=-v
ac_cv_prog_make_make_set=yes
am_cv_CC_dependencies_compiler_type=none
ax_cv_f90_modflag='not found'

## ----------------- ##
## Output variables. ##
## ----------------- ##

ACLOCAL='${SHELL} /Users/maggie/github/SB/StoichiometricBalance/ma27-1.0.0/missing --run aclocal-1.11'
AMDEPBACKSLASH='\'
AMDEP_FALSE='#'
AMDEP_TRUE=''
AMTAR='${SHELL} /Users/maggie/github/SB/StoichiometricBalance/ma27-1.0.0/missing --run tar'
AUTOCONF='${SHELL} /Users/maggie/github/SB/StoichiometricBalance/ma27-1.0.0/missing --run autoconf'
AUTOHEADER='${SHELL} /Users/maggie/github/SB/StoichiometricBalance/ma27-1.0.0/missing --run autoheader'
AUTOMAKE='${SHELL} /Users/maggie/github/SB/StoichiometricBalance/ma27-1.0.0/missing --run automake-1.11'
AWK='awk'
CC='gcc'
CCDEPMODE='depmode=none'
CFLAGS='-g -O2'
CPPFLAGS=''
CYGPATH_W='echo'
DEFS='-DPACKAGE_NAME=\"ma27\" -DPACKAGE_TARNAME=\"ma27\" -DPACKAGE_VERSION=\"1.0.0\" -DPACKAGE_STRING=\"ma27\ 1.0.0\" -DPACKAGE_BUGREPORT=\"hsl@stfc.ac.uk\" -DPACKAGE_URL=\"\" -DPACKAGE=\"ma27\" -DVERSION=\"1.0.0\"'
DEPDIR='.deps'
ECHO_C='\c'
ECHO_N=''
ECHO_T=''
EXEEXT=''
F77='gfortran'
FC='gfortran'
FCFLAGS='-g -O2'
FCLIBS=' -L/opt/local/lib/gcc10/gcc/x86_64-apple-darwin18/10.1.0 -L/opt/local/lib/gcc10/gcc/x86_64-apple-darwin18/10.1.0/../../.. -lgfortran -lquadmath -lm'
FFLAGS='-g -O2'
INSTALL_DATA='${INSTALL} -m 644'
INSTALL_PROGRAM='${INSTALL}'
INSTALL_SCRIPT='${INSTALL}'
INSTALL_STRIP_PROGRAM='$(install_sh) -c -s'
LDFLAGS=''
LIBOBJS=''
LIBS=''
LTLIBOBJS=''
MAKEINFO='${SHELL} /Users/maggie/github/SB/StoichiometricBalance/ma27-1.0.0/missing --run makeinfo'
MKDIR_P='./install-sh -c -d'
OBJEXT='o'
PACKAGE='ma27'
PACKAGE_BUGREPORT='hsl@stfc.ac.uk'
PACKAGE_NAME='ma27'
PACKAGE_STRING='ma27 1.0.0'
PACKAGE_TARNAME='ma27'
PACKAGE_URL=''
PACKAGE_VERSION='1.0.0'
PATH_SEPARATOR=':'
RANLIB='ranlib'
SET_MAKE=''
SHELL='/bin/sh'
STRIP=''
VERSION='1.0.0'
ac_ct_CC='gcc'
ac_ct_F77='gfortran'
ac_ct_FC='gfortran'
am__EXEEXT_FALSE=''
am__EXEEXT_TRUE='#'
am__fastdepCC_FALSE=''
am__fastdepCC_TRUE='#'
am__include='include'
am__isrc=''
am__leading_dot='.'
am__quote=''
am__tar='${AMTAR} chof - "$$tardir"'
am__untar='${AMTAR} xf -'
bindir='${exec_prefix}/bin'
build_alias=''
datadir='${datarootdir}'
datarootdir='${prefix}/share'
docdir='${datarootdir}/doc/${PACKAGE_TARNAME}'
dvidir='${docdir}'
exec_prefix='${prefix}'
host_alias=''
htmldir='${docdir}'
includedir='${prefix}/include'
infodir='${datarootdir}/info'
install_sh='${SHELL} /Users/maggie/github/SB/StoichiometricBalance/ma27-1.0.0/install-sh'
libdir='${exec_prefix}/lib'
libexecdir='${exec_prefix}/libexec'
localedir='${datarootdir}/locale'
localstatedir='${prefix}/var'
mandir='${datarootdir}/man'
mkdir_p='$(top_builddir)/./install-sh -c -d'
oldincludedir='/usr/include'
pdfdir='${docdir}'
prefix='/usr/local'
program_transform_name='s,x,x,'
psdir='${docdir}'
sbindir='${exec_prefix}/sbin'
sharedstatedir='${prefix}/com'
sysconfdir='${prefix}/etc'
target_alias=''

## ----------- ##
## confdefs.h. ##
## ----------- ##

/* confdefs.h */
#define PACKAGE_NAME "ma27"
#define PACKAGE_TARNAME "ma27"
#define PACKAGE_VERSION "1.0.0"
#define PACKAGE_STRING "ma27 1.0.0"
#define PACKAGE_BUGREPORT "hsl@stfc.ac.uk"
#define PACKAGE_URL ""
#define PACKAGE "ma27"
#define VERSION "1.0.0"

configure: exit 0
